
--- lab up 2026-06-05T15:48:16.311405+00:00 service=assurance port=9011 ---
$ <SOURCE_5G_LAB_SIMULATOR_ROOT>/BF3-5G-Demo/open-digital-platform-2_0/5G_Emulator_API/venv/bin/python -m service_assurance.assurance_api --host 0.0.0.0 --port 9011
INFO:     Started server process [7387]
INFO:     Waiting for application startup.
INFO:__main__:Starting Service Assurance...
INFO:service_assurance.kqi_calculator:KQI Calculator initialized
INFO:service_assurance.sla_manager:Registered SLA: sla_embb_standard - eMBB Standard Service SLA
INFO:service_assurance.sla_manager:Registered SLA: sla_urllc_standard - URLLC Standard Service SLA
INFO:service_assurance.sla_manager:Registered SLA: sla_mmtc_standard - mMTC Standard Service SLA
INFO:service_assurance.sla_manager:Registered SLA: sla_n6_firewall - N6 Firewall Security SLA
INFO:service_assurance.sla_manager:Initialized 4 default SLAs
INFO:service_assurance.sla_manager:SLA Manager initialized
INFO:service_assurance.anomaly_detector:Anomaly Detector initialized
INFO:service_assurance.rca_engine:RCA Engine initialized
INFO:service_assurance.collector:Initialized 10 default NF endpoints
INFO:service_assurance.collector:Metrics Collector initialized
WARNING:__main__:NRF registration returned: 500
INFO:service_assurance.collector:Metric collection started (interval: 30s, simulation: True)
INFO:service_assurance.sla_manager:SLA monitoring started (interval: 30s)
INFO:__main__:Auto-triggering RCA for violation: 9532a19a-d46c-457b-8b32-a2a64205a612
INFO:service_assurance.rca_engine:Starting RCA for trigger: 9532a19a-d46c-457b-8b32-a2a64205a612
INFO:service_assurance.anomaly_detector:Anomaly monitoring started (interval: 30s)
INFO:__main__:Service Assurance started successfully
INFO:service_assurance.rca_engine:RCA completed: 3d917ed4-b615-44d0-8ddb-5f9f469cde78 - 4 causes identified
WARNING:service_assurance.sla_manager:SLA Violation: eMBB Standard Service SLA - kqi_registration_success_rate (actual: 86.46616541353383, threshold: >= 99.9)
INFO:     Application startup complete.
INFO:__main__:Auto-triggering RCA for violation: 269f7c88-9041-4719-af0e-db53bd67587d
INFO:service_assurance.rca_engine:Starting RCA for trigger: 269f7c88-9041-4719-af0e-db53bd67587d
INFO:service_assurance.rca_engine:RCA completed: 366b8019-d505-44b8-b4bc-03760ce42d61 - 4 causes identified
WARNING:service_assurance.sla_manager:SLA Violation: URLLC Standard Service SLA - kqi_registration_success_rate (actual: 86.46616541353383, threshold: >= 99.999)
INFO:__main__:Auto-triggering RCA for violation: a7cdfaec-7f52-4036-84de-14861f94ab38
INFO:service_assurance.rca_engine:Starting RCA for trigger: a7cdfaec-7f52-4036-84de-14861f94ab38
INFO:     Uvicorn running on http://0.0.0.0:9011 (Press CTRL+C to quit)
INFO:service_assurance.rca_engine:RCA completed: 0ea42885-4e47-401d-927d-94ac0d8cfbb6 - 5 causes identified
WARNING:service_assurance.sla_manager:SLA Violation: URLLC Standard Service SLA - kqi_user_plane_latency (actual: 3.759830789433418, threshold: <= 1.0)
INFO:__main__:Auto-triggering RCA for violation: d3ccfbc1-4ec7-49e8-a841-eb563b3e0649
INFO:service_assurance.rca_engine:Starting RCA for trigger: d3ccfbc1-4ec7-49e8-a841-eb563b3e0649
INFO:service_assurance.rca_engine:RCA completed: 1c3830d7-3f6d-4bd3-9930-5454c974797d - 5 causes identified
WARNING:service_assurance.sla_manager:SLA Violation: URLLC Standard Service SLA - kqi_packet_loss_rate (actual: 0.005822367873837606, threshold: <= 1e-05)
INFO:__main__:Auto-triggering RCA for violation: e302ea7e-1513-4ba2-aa6b-ca9ed779eb11
INFO:service_assurance.rca_engine:Starting RCA for trigger: e302ea7e-1513-4ba2-aa6b-ca9ed779eb11
INFO:service_assurance.rca_engine:RCA completed: d3733611-5cf4-4b28-b572-5b13aaa9e6cd - 5 causes identified
WARNING:service_assurance.sla_manager:SLA Violation: URLLC Standard Service SLA - kqi_service_availability (actual: 99.99108181025022, threshold: >= 99.9999)
WARNING:service_assurance.sla_manager:SLA Violation: mMTC Standard Service SLA - kqi_registration_success_rate (actual: 86.46616541353383, threshold: >= 99.0)
<SOURCE_5G_LAB_SIMULATOR_ROOT>/BF3-5G-Demo/open-digital-platform-2_0/5G_Emulator_API/service_assurance/assurance_api.py:177: DeprecationWarning: datetime.datetime.utcnow() is deprecated and scheduled for removal in a future version. Use timezone-aware objects to represent datetimes in UTC: datetime.datetime.now(datetime.UTC).
  timestamp=datetime.utcnow(),
INFO:     127.0.0.1:51319 - "GET /health HTTP/1.1" 200 OK
INFO:     127.0.0.1:51369 - "GET /health HTTP/1.1" 200 OK
INFO:     Shutting down
INFO:     Waiting for application shutdown.
INFO:__main__:Shutting down Service Assurance...

--- lab up 2026-06-05T15:50:36.756966+00:00 service=assurance port=9011 ---
$ <SOURCE_5G_LAB_SIMULATOR_ROOT>/BF3-5G-Demo/open-digital-platform-2_0/5G_Emulator_API/venv/bin/python -m service_assurance.assurance_api --host 0.0.0.0 --port 9011
INFO:     Started server process [19784]
INFO:     Waiting for application startup.
INFO:__main__:Starting Service Assurance...
INFO:service_assurance.kqi_calculator:KQI Calculator initialized
INFO:service_assurance.sla_manager:Registered SLA: sla_embb_standard - eMBB Standard Service SLA
INFO:service_assurance.sla_manager:Registered SLA: sla_urllc_standard - URLLC Standard Service SLA
INFO:service_assurance.sla_manager:Registered SLA: sla_mmtc_standard - mMTC Standard Service SLA
INFO:service_assurance.sla_manager:Registered SLA: sla_n6_firewall - N6 Firewall Security SLA
INFO:service_assurance.sla_manager:Initialized 4 default SLAs
INFO:service_assurance.sla_manager:SLA Manager initialized
INFO:service_assurance.anomaly_detector:Anomaly Detector initialized
INFO:service_assurance.rca_engine:RCA Engine initialized
INFO:service_assurance.collector:Initialized 10 default NF endpoints
INFO:service_assurance.collector:Metrics Collector initialized
WARNING:__main__:NRF registration returned: 500
INFO:service_assurance.collector:Metric collection started (interval: 30s, simulation: True)
INFO:__main__:Auto-triggering RCA for violation: b52a1f51-2758-458b-af41-e64734262f5f
INFO:service_assurance.rca_engine:Starting RCA for trigger: b52a1f51-2758-458b-af41-e64734262f5f
INFO:service_assurance.rca_engine:RCA completed: 453f8e0e-fdb2-4788-a3d0-045f935521ec - 4 causes identified
WARNING:service_assurance.sla_manager:SLA Violation: eMBB Standard Service SLA - kqi_registration_success_rate (actual: 96.3157894736842, threshold: >= 99.9)
INFO:__main__:Auto-triggering RCA for violation: 754a68b5-9feb-445c-8b3a-a8a7de4d337a
INFO:service_assurance.rca_engine:Starting RCA for trigger: 754a68b5-9feb-445c-8b3a-a8a7de4d337a
INFO:service_assurance.rca_engine:RCA completed: 35a43bdc-358f-4c59-89a4-a6452e7d96b3 - 4 causes identified
WARNING:service_assurance.sla_manager:SLA Violation: URLLC Standard Service SLA - kqi_registration_success_rate (actual: 96.3157894736842, threshold: >= 99.999)
INFO:__main__:Auto-triggering RCA for violation: 83c8e744-4602-41c6-98a6-032da471b009
INFO:service_assurance.rca_engine:Starting RCA for trigger: 83c8e744-4602-41c6-98a6-032da471b009
INFO:service_assurance.rca_engine:RCA completed: 32a9bb42-8f51-4905-92e2-4af7b7d350de - 5 causes identified
WARNING:service_assurance.sla_manager:SLA Violation: URLLC Standard Service SLA - kqi_user_plane_latency (actual: 2.9012750549263693, threshold: <= 1.0)
INFO:__main__:Auto-triggering RCA for violation: 9a66aa79-2fd0-4a00-920e-22ed671f5561
INFO:service_assurance.rca_engine:Starting RCA for trigger: 9a66aa79-2fd0-4a00-920e-22ed671f5561
INFO:service_assurance.rca_engine:RCA completed: 467ac6a6-5fe5-4a05-a514-b37b2579a3ed - 5 causes identified
WARNING:service_assurance.sla_manager:SLA Violation: URLLC Standard Service SLA - kqi_packet_loss_rate (actual: 0.004807391845701951, threshold: <= 1e-05)
INFO:__main__:Auto-triggering RCA for violation: e8c0cbe6-0fae-4c8b-8f93-e64397b8da28
INFO:service_assurance.rca_engine:Starting RCA for trigger: e8c0cbe6-0fae-4c8b-8f93-e64397b8da28
INFO:service_assurance.rca_engine:RCA completed: b6c422ca-ccc8-4105-a6f4-53832b77a803 - 5 causes identified
WARNING:service_assurance.sla_manager:SLA Violation: URLLC Standard Service SLA - kqi_service_availability (actual: 99.97419081881306, threshold: >= 99.9999)
WARNING:service_assurance.sla_manager:SLA Violation: mMTC Standard Service SLA - kqi_registration_success_rate (actual: 96.3157894736842, threshold: >= 99.0)
INFO:__main__:Auto-triggering RCA for violation: 88f2302e-fae7-4452-a216-5fbb3ff30c6d
INFO:service_assurance.rca_engine:Starting RCA for trigger: 88f2302e-fae7-4452-a216-5fbb3ff30c6d
INFO:service_assurance.rca_engine:RCA completed: 07344ef8-6dd5-48a3-8677-a24ac8468cac - 5 causes identified
WARNING:service_assurance.sla_manager:SLA Violation: N6 Firewall Security SLA - kqi_n6_firewall_availability (actual: 99.99533521216797, threshold: >= 99.999)
INFO:service_assurance.sla_manager:SLA monitoring started (interval: 30s)
INFO:service_assurance.anomaly_detector:Anomaly monitoring started (interval: 30s)
INFO:__main__:Service Assurance started successfully
INFO:     Application startup complete.
INFO:     Uvicorn running on http://0.0.0.0:9011 (Press CTRL+C to quit)
<SOURCE_5G_LAB_SIMULATOR_ROOT>/BF3-5G-Demo/open-digital-platform-2_0/5G_Emulator_API/service_assurance/assurance_api.py:177: DeprecationWarning: datetime.datetime.utcnow() is deprecated and scheduled for removal in a future version. Use timezone-aware objects to represent datetimes in UTC: datetime.datetime.now(datetime.UTC).
  timestamp=datetime.utcnow(),
INFO:     127.0.0.1:51813 - "GET /health HTTP/1.1" 200 OK
INFO:     Shutting down
INFO:     Waiting for application shutdown.
INFO:__main__:Shutting down Service Assurance...

--- lab up 2026-06-05T15:54:36.208318+00:00 service=assurance port=9011 ---
$ <SOURCE_5G_LAB_SIMULATOR_ROOT>/BF3-5G-Demo/open-digital-platform-2_0/5G_Emulator_API/venv/bin/python -m service_assurance.assurance_api --host 0.0.0.0 --port 9011
INFO:     Started server process [48303]
INFO:     Waiting for application startup.
INFO:__main__:Starting Service Assurance...
INFO:service_assurance.kqi_calculator:KQI Calculator initialized
INFO:service_assurance.sla_manager:Registered SLA: sla_embb_standard - eMBB Standard Service SLA
INFO:service_assurance.sla_manager:Registered SLA: sla_urllc_standard - URLLC Standard Service SLA
INFO:service_assurance.sla_manager:Registered SLA: sla_mmtc_standard - mMTC Standard Service SLA
INFO:service_assurance.sla_manager:Registered SLA: sla_n6_firewall - N6 Firewall Security SLA
INFO:service_assurance.sla_manager:Initialized 4 default SLAs
INFO:service_assurance.sla_manager:SLA Manager initialized
INFO:service_assurance.anomaly_detector:Anomaly Detector initialized
INFO:service_assurance.rca_engine:RCA Engine initialized
INFO:service_assurance.collector:Initialized 10 default NF endpoints
INFO:service_assurance.collector:Metrics Collector initialized
WARNING:__main__:NRF registration returned: 500
INFO:service_assurance.collector:Metric collection started (interval: 30s, simulation: True)
INFO:service_assurance.sla_manager:SLA monitoring started (interval: 30s)
INFO:__main__:Auto-triggering RCA for violation: 9d2c2183-f599-431d-ad78-a7e8afa06629
INFO:service_assurance.rca_engine:Starting RCA for trigger: 9d2c2183-f599-431d-ad78-a7e8afa06629
INFO:service_assurance.rca_engine:RCA completed: c18960b8-2009-4334-824b-41fe53d99fe5 - 4 causes identified
WARNING:service_assurance.sla_manager:SLA Violation: eMBB Standard Service SLA - kqi_registration_success_rate (actual: 93.79310344827586, threshold: >= 99.9)
INFO:service_assurance.anomaly_detector:Anomaly monitoring started (interval: 30s)
INFO:__main__:Service Assurance started successfully
INFO:__main__:Auto-triggering RCA for violation: 57317107-d0d4-4fc8-8254-762dbeca0a59
INFO:service_assurance.rca_engine:Starting RCA for trigger: 57317107-d0d4-4fc8-8254-762dbeca0a59
INFO:     Application startup complete.
INFO:service_assurance.rca_engine:RCA completed: 2f9a525c-c186-4217-8078-a0e9a7369542 - 4 causes identified
WARNING:service_assurance.sla_manager:SLA Violation: eMBB Standard Service SLA - kqi_throughput_achievement (actual: 86.38592182800532, threshold: >= 90.0)
INFO:__main__:Auto-triggering RCA for violation: 15ebe8e5-8c4f-4633-bad3-6532435e8a58
INFO:service_assurance.rca_engine:Starting RCA for trigger: 15ebe8e5-8c4f-4633-bad3-6532435e8a58
INFO:service_assurance.rca_engine:RCA completed: c78b1a00-5909-4bee-ae95-f4945d1a238a - 4 causes identified
WARNING:service_assurance.sla_manager:SLA Violation: URLLC Standard Service SLA - kqi_registration_success_rate (actual: 93.79310344827586, threshold: >= 99.999)
INFO:__main__:Auto-triggering RCA for violation: 24bced02-20a6-41c1-b428-0a3d70d5e4b1
INFO:     Uvicorn running on http://0.0.0.0:9011 (Press CTRL+C to quit)
INFO:service_assurance.rca_engine:Starting RCA for trigger: 24bced02-20a6-41c1-b428-0a3d70d5e4b1
INFO:service_assurance.rca_engine:RCA completed: 741c04dc-7bb0-4155-b99d-df0bd4882109 - 5 causes identified
WARNING:service_assurance.sla_manager:SLA Violation: URLLC Standard Service SLA - kqi_user_plane_latency (actual: 5.8890735367362606, threshold: <= 1.0)
INFO:__main__:Auto-triggering RCA for violation: 3c9188d7-222e-44f7-b7a7-34df54577fff
INFO:service_assurance.rca_engine:Starting RCA for trigger: 3c9188d7-222e-44f7-b7a7-34df54577fff
INFO:service_assurance.rca_engine:RCA completed: c694d86a-bfa5-41a7-b9e9-b36f9c455989 - 5 causes identified
WARNING:service_assurance.sla_manager:SLA Violation: URLLC Standard Service SLA - kqi_packet_loss_rate (actual: 0.009350029128936902, threshold: <= 1e-05)
INFO:__main__:Auto-triggering RCA for violation: 9da1a2ed-4b54-45b0-88b6-62a1b8d78676
INFO:service_assurance.rca_engine:Starting RCA for trigger: 9da1a2ed-4b54-45b0-88b6-62a1b8d78676
INFO:service_assurance.rca_engine:RCA completed: dbb3f361-d875-4e74-b6bb-81b341ffc7e8 - 5 causes identified
WARNING:service_assurance.sla_manager:SLA Violation: URLLC Standard Service SLA - kqi_service_availability (actual: 99.99604673545706, threshold: >= 99.9999)
WARNING:service_assurance.sla_manager:SLA Violation: mMTC Standard Service SLA - kqi_registration_success_rate (actual: 93.79310344827586, threshold: >= 99.0)
INFO:__main__:Auto-triggering RCA for violation: 050bc032-8fc5-4810-8cad-3783d6f78a13
INFO:service_assurance.rca_engine:Starting RCA for trigger: 050bc032-8fc5-4810-8cad-3783d6f78a13
INFO:service_assurance.rca_engine:RCA completed: a83d5fe8-b49d-4f88-9481-4eb891dd2f85 - 5 causes identified
WARNING:service_assurance.sla_manager:SLA Violation: N6 Firewall Security SLA - kqi_n6_firewall_availability (actual: 99.99654260500633, threshold: >= 99.999)
<SOURCE_5G_LAB_SIMULATOR_ROOT>/BF3-5G-Demo/open-digital-platform-2_0/5G_Emulator_API/service_assurance/assurance_api.py:177: DeprecationWarning: datetime.datetime.utcnow() is deprecated and scheduled for removal in a future version. Use timezone-aware objects to represent datetimes in UTC: datetime.datetime.now(datetime.UTC).
  timestamp=datetime.utcnow(),
INFO:     127.0.0.1:52593 - "GET /health HTTP/1.1" 200 OK
INFO:     127.0.0.1:52680 - "GET /health HTTP/1.1" 200 OK
INFO:     Shutting down
INFO:     Waiting for application shutdown.
INFO:__main__:Shutting down Service Assurance...

--- lab up 2026-06-05T15:55:45.345296+00:00 service=assurance port=9011 ---
$ <SOURCE_5G_LAB_SIMULATOR_ROOT>/BF3-5G-Demo/open-digital-platform-2_0/5G_Emulator_API/venv/bin/python -m service_assurance.assurance_api --host 0.0.0.0 --port 9011
INFO:     Started server process [55273]
INFO:     Waiting for application startup.
INFO:__main__:Starting Service Assurance...
INFO:service_assurance.kqi_calculator:KQI Calculator initialized
INFO:service_assurance.sla_manager:Registered SLA: sla_embb_standard - eMBB Standard Service SLA
INFO:service_assurance.sla_manager:Registered SLA: sla_urllc_standard - URLLC Standard Service SLA
INFO:service_assurance.sla_manager:Registered SLA: sla_mmtc_standard - mMTC Standard Service SLA
INFO:service_assurance.sla_manager:Registered SLA: sla_n6_firewall - N6 Firewall Security SLA
INFO:service_assurance.sla_manager:Initialized 4 default SLAs
INFO:service_assurance.sla_manager:SLA Manager initialized
INFO:service_assurance.anomaly_detector:Anomaly Detector initialized
INFO:service_assurance.rca_engine:RCA Engine initialized
INFO:service_assurance.collector:Initialized 10 default NF endpoints
INFO:service_assurance.collector:Metrics Collector initialized
WARNING:__main__:NRF registration returned: 500
INFO:service_assurance.collector:Metric collection started (interval: 30s, simulation: True)
INFO:__main__:Auto-triggering RCA for violation: f797b25e-bbf5-48a4-b57d-ed78dcd18b7d
INFO:service_assurance.rca_engine:Starting RCA for trigger: f797b25e-bbf5-48a4-b57d-ed78dcd18b7d
INFO:service_assurance.rca_engine:RCA completed: 306e7e98-575d-40b0-983e-df94f24eab01 - 4 causes identified
WARNING:service_assurance.sla_manager:SLA Violation: eMBB Standard Service SLA - kqi_registration_success_rate (actual: 99.46524064171123, threshold: >= 99.9)
INFO:__main__:Auto-triggering RCA for violation: 1acf14b2-e544-42f1-9038-f374a9cd5c43
INFO:service_assurance.rca_engine:Starting RCA for trigger: 1acf14b2-e544-42f1-9038-f374a9cd5c43
INFO:service_assurance.rca_engine:RCA completed: 23eb8f4b-31c3-46a3-8c45-2fadd1243632 - 4 causes identified
WARNING:service_assurance.sla_manager:SLA Violation: eMBB Standard Service SLA - kqi_throughput_achievement (actual: 86.55515492315563, threshold: >= 90.0)
INFO:__main__:Auto-triggering RCA for violation: 62c9563c-5a41-401b-8b7b-2150f774a38e
INFO:service_assurance.rca_engine:Starting RCA for trigger: 62c9563c-5a41-401b-8b7b-2150f774a38e
INFO:service_assurance.rca_engine:RCA completed: c76a092e-4408-4525-9928-eaf9153fd2d4 - 4 causes identified
WARNING:service_assurance.sla_manager:SLA Violation: URLLC Standard Service SLA - kqi_registration_success_rate (actual: 99.46524064171123, threshold: >= 99.999)
INFO:__main__:Auto-triggering RCA for violation: 6721fc61-6911-4e15-90f3-d1efde9c87c1
INFO:service_assurance.rca_engine:Starting RCA for trigger: 6721fc61-6911-4e15-90f3-d1efde9c87c1
INFO:service_assurance.rca_engine:RCA completed: dbeba5b8-5be1-472a-82e5-ae0593d0c506 - 5 causes identified
WARNING:service_assurance.sla_manager:SLA Violation: URLLC Standard Service SLA - kqi_user_plane_latency (actual: 6.041510722616367, threshold: <= 1.0)
INFO:__main__:Auto-triggering RCA for violation: 16bfc020-4380-4409-b563-f227a674e6ae
INFO:service_assurance.rca_engine:Starting RCA for trigger: 16bfc020-4380-4409-b563-f227a674e6ae
INFO:service_assurance.rca_engine:RCA completed: bce7d7b7-6ede-42f9-8a79-fff12d33b0d5 - 5 causes identified
WARNING:service_assurance.sla_manager:SLA Violation: URLLC Standard Service SLA - kqi_packet_loss_rate (actual: 0.036725733888670946, threshold: <= 1e-05)
INFO:__main__:Auto-triggering RCA for violation: 7f5b2b42-48b4-4d44-a110-7487c4c92caa
INFO:service_assurance.rca_engine:Starting RCA for trigger: 7f5b2b42-48b4-4d44-a110-7487c4c92caa
INFO:service_assurance.rca_engine:RCA completed: cd733d47-fee0-4eeb-be47-e5be66f5e1ba - 5 causes identified
WARNING:service_assurance.sla_manager:SLA Violation: URLLC Standard Service SLA - kqi_service_availability (actual: 99.98461917013162, threshold: >= 99.9999)
INFO:__main__:Auto-triggering RCA for violation: b4467c0b-1feb-4061-8ba2-1f885536a2d1
INFO:service_assurance.rca_engine:Starting RCA for trigger: b4467c0b-1feb-4061-8ba2-1f885536a2d1
INFO:service_assurance.rca_engine:RCA completed: 1218a58f-30b4-483a-a3e5-61da05c6eb99 - 5 causes identified
WARNING:service_assurance.sla_manager:SLA Violation: N6 Firewall Security SLA - kqi_n6_firewall_availability (actual: 99.99114302742639, threshold: >= 99.999)
INFO:service_assurance.sla_manager:SLA monitoring started (interval: 30s)
INFO:service_assurance.anomaly_detector:Anomaly monitoring started (interval: 30s)
INFO:__main__:Service Assurance started successfully
INFO:     Application startup complete.
INFO:     Uvicorn running on http://0.0.0.0:9011 (Press CTRL+C to quit)
<SOURCE_5G_LAB_SIMULATOR_ROOT>/BF3-5G-Demo/open-digital-platform-2_0/5G_Emulator_API/service_assurance/assurance_api.py:177: DeprecationWarning: datetime.datetime.utcnow() is deprecated and scheduled for removal in a future version. Use timezone-aware objects to represent datetimes in UTC: datetime.datetime.now(datetime.UTC).
  timestamp=datetime.utcnow(),
INFO:     127.0.0.1:53359 - "GET /health HTTP/1.1" 200 OK
INFO:     Shutting down
INFO:     Waiting for application shutdown.
INFO:__main__:Shutting down Service Assurance...

--- lab up 2026-06-05T16:00:15.053962+00:00 service=assurance port=9011 ---
$ <SOURCE_5G_LAB_SIMULATOR_ROOT>/BF3-5G-Demo/open-digital-platform-2_0/5G_Emulator_API/venv/bin/python -m service_assurance.assurance_api --host 0.0.0.0 --port 9011
INFO:     Started server process [83537]
INFO:     Waiting for application startup.
INFO:__main__:Starting Service Assurance...
INFO:service_assurance.kqi_calculator:KQI Calculator initialized
INFO:service_assurance.sla_manager:Registered SLA: sla_embb_standard - eMBB Standard Service SLA
INFO:service_assurance.sla_manager:Registered SLA: sla_urllc_standard - URLLC Standard Service SLA
INFO:service_assurance.sla_manager:Registered SLA: sla_mmtc_standard - mMTC Standard Service SLA
INFO:service_assurance.sla_manager:Registered SLA: sla_n6_firewall - N6 Firewall Security SLA
INFO:service_assurance.sla_manager:Initialized 4 default SLAs
INFO:service_assurance.sla_manager:SLA Manager initialized
INFO:service_assurance.anomaly_detector:Anomaly Detector initialized
INFO:service_assurance.rca_engine:RCA Engine initialized
INFO:service_assurance.collector:Initialized 10 default NF endpoints
INFO:service_assurance.collector:Metrics Collector initialized
WARNING:__main__:NRF registration returned: 500
INFO:service_assurance.collector:Metric collection started (interval: 30s, simulation: True)
INFO:service_assurance.sla_manager:SLA monitoring started (interval: 30s)
INFO:__main__:Auto-triggering RCA for violation: e199b827-34ea-4b1b-b084-5527189caf04
INFO:service_assurance.rca_engine:Starting RCA for trigger: e199b827-34ea-4b1b-b084-5527189caf04
INFO:service_assurance.rca_engine:RCA completed: 3eca3d4f-0cfb-434b-8862-3d79ac865902 - 4 causes identified
WARNING:service_assurance.sla_manager:SLA Violation: eMBB Standard Service SLA - kqi_registration_success_rate (actual: 89.43661971830986, threshold: >= 99.9)
INFO:__main__:Auto-triggering RCA for violation: 2045c252-a030-4566-b921-bf6f4f4f2906
INFO:service_assurance.rca_engine:Starting RCA for trigger: 2045c252-a030-4566-b921-bf6f4f4f2906
INFO:service_assurance.rca_engine:RCA completed: ce14bbf7-e5b4-4785-945b-a8a8e531b8df - 4 causes identified
WARNING:service_assurance.sla_manager:SLA Violation: URLLC Standard Service SLA - kqi_registration_success_rate (actual: 89.43661971830986, threshold: >= 99.999)
INFO:__main__:Auto-triggering RCA for violation: 015a9f0b-8c06-4a6a-8a1a-6fe65da15a6e
INFO:service_assurance.rca_engine:Starting RCA for trigger: 015a9f0b-8c06-4a6a-8a1a-6fe65da15a6e
INFO:service_assurance.rca_engine:RCA completed: 6887188e-9794-44dd-8ce0-b04ef955034b - 5 causes identified
WARNING:service_assurance.sla_manager:SLA Violation: URLLC Standard Service SLA - kqi_user_plane_latency (actual: 4.484127451502991, threshold: <= 1.0)
INFO:__main__:Auto-triggering RCA for violation: a2ee5e9f-5f03-4c4a-82f6-fc0931349400
INFO:service_assurance.rca_engine:Starting RCA for trigger: a2ee5e9f-5f03-4c4a-82f6-fc0931349400
INFO:service_assurance.rca_engine:RCA completed: 89cfe63c-a2fa-4f39-aaa6-19c91593d86d - 5 causes identified
WARNING:service_assurance.sla_manager:SLA Violation: URLLC Standard Service SLA - kqi_packet_loss_rate (actual: 0.02754663931000418, threshold: <= 1e-05)
INFO:__main__:Auto-triggering RCA for violation: 6f02efd6-6216-401b-b2bf-5ae8e9813882
INFO:service_assurance.rca_engine:Starting RCA for trigger: 6f02efd6-6216-401b-b2bf-5ae8e9813882
INFO:service_assurance.rca_engine:RCA completed: 862c2711-a3f3-4820-bec6-f1c8a1d66410 - 5 causes identified
WARNING:service_assurance.sla_manager:SLA Violation: URLLC Standard Service SLA - kqi_service_availability (actual: 99.95052473459097, threshold: >= 99.9999)
INFO:service_assurance.anomaly_detector:Anomaly monitoring started (interval: 30s)
INFO:__main__:Service Assurance started successfully
WARNING:service_assurance.sla_manager:SLA Violation: mMTC Standard Service SLA - kqi_registration_success_rate (actual: 89.43661971830986, threshold: >= 99.0)
INFO:__main__:Auto-triggering RCA for violation: b0f272ad-288b-4fc6-8233-47a0972ad384
INFO:service_assurance.rca_engine:Starting RCA for trigger: b0f272ad-288b-4fc6-8233-47a0972ad384
INFO:service_assurance.rca_engine:RCA completed: f36d8d72-be83-4a74-8f24-3e66ac2ad194 - 5 causes identified
WARNING:service_assurance.sla_manager:SLA Violation: N6 Firewall Security SLA - kqi_n6_firewall_availability (actual: 99.99256103960889, threshold: >= 99.999)
INFO:     Application startup complete.
INFO:     Uvicorn running on http://0.0.0.0:9011 (Press CTRL+C to quit)
<SOURCE_5G_LAB_SIMULATOR_ROOT>/BF3-5G-Demo/open-digital-platform-2_0/5G_Emulator_API/service_assurance/assurance_api.py:177: DeprecationWarning: datetime.datetime.utcnow() is deprecated and scheduled for removal in a future version. Use timezone-aware objects to represent datetimes in UTC: datetime.datetime.now(datetime.UTC).
  timestamp=datetime.utcnow(),
INFO:     127.0.0.1:54800 - "GET /health HTTP/1.1" 200 OK
INFO:     127.0.0.1:54852 - "GET /health HTTP/1.1" 200 OK
INFO:     127.0.0.1:54885 - "GET /health HTTP/1.1" 200 OK
INFO:     127.0.0.1:54960 - "GET /health HTTP/1.1" 200 OK
INFO:     127.0.0.1:54965 - "GET /health HTTP/1.1" 200 OK
INFO:     127.0.0.1:55042 - "GET /health HTTP/1.1" 200 OK
INFO:     127.0.0.1:55080 - "GET /health HTTP/1.1" 200 OK
INFO:     127.0.0.1:55134 - "GET /health HTTP/1.1" 200 OK
INFO:     127.0.0.1:55180 - "GET /health HTTP/1.1" 200 OK
INFO:     127.0.0.1:55228 - "GET /health HTTP/1.1" 200 OK
INFO:     127.0.0.1:55274 - "GET /health HTTP/1.1" 200 OK
INFO:     127.0.0.1:55320 - "GET /health HTTP/1.1" 200 OK
INFO:     127.0.0.1:55366 - "GET /health HTTP/1.1" 200 OK
INFO:     Shutting down
INFO:     Waiting for application shutdown.
INFO:__main__:Shutting down Service Assurance...

--- lab up 2026-06-05T16:04:41.910505+00:00 service=assurance port=9011 ---
$ <SOURCE_5G_LAB_SIMULATOR_ROOT>/BF3-5G-Demo/open-digital-platform-2_0/5G_Emulator_API/venv/bin/python -m service_assurance.assurance_api --host 0.0.0.0 --port 9011
INFO:     Started server process [4079]
INFO:     Waiting for application startup.
INFO:__main__:Starting Service Assurance...
INFO:service_assurance.kqi_calculator:KQI Calculator initialized
INFO:service_assurance.sla_manager:Registered SLA: sla_embb_standard - eMBB Standard Service SLA
INFO:service_assurance.sla_manager:Registered SLA: sla_urllc_standard - URLLC Standard Service SLA
INFO:service_assurance.sla_manager:Registered SLA: sla_mmtc_standard - mMTC Standard Service SLA
INFO:service_assurance.sla_manager:Registered SLA: sla_n6_firewall - N6 Firewall Security SLA
INFO:service_assurance.sla_manager:Initialized 4 default SLAs
INFO:service_assurance.sla_manager:SLA Manager initialized
INFO:service_assurance.anomaly_detector:Anomaly Detector initialized
INFO:service_assurance.rca_engine:RCA Engine initialized
INFO:service_assurance.collector:Initialized 10 default NF endpoints
INFO:service_assurance.collector:Metrics Collector initialized
WARNING:__main__:NRF registration returned: 500
INFO:service_assurance.collector:Metric collection started (interval: 30s, simulation: True)
INFO:service_assurance.sla_manager:SLA monitoring started (interval: 30s)
INFO:__main__:Auto-triggering RCA for violation: 7f9bcae9-a3b4-4c57-a0d8-f01a1260b3b6
INFO:service_assurance.rca_engine:Starting RCA for trigger: 7f9bcae9-a3b4-4c57-a0d8-f01a1260b3b6
INFO:service_assurance.rca_engine:RCA completed: 6092ccfc-9419-4fef-9391-655096c0a831 - 4 causes identified
WARNING:service_assurance.sla_manager:SLA Violation: eMBB Standard Service SLA - kqi_registration_success_rate (actual: 59.217877094972074, threshold: >= 99.9)
INFO:__main__:Auto-triggering RCA for violation: 67fed9ed-9c93-4fcb-9359-03b4f41387f2
INFO:service_assurance.rca_engine:Starting RCA for trigger: 67fed9ed-9c93-4fcb-9359-03b4f41387f2
INFO:service_assurance.rca_engine:RCA completed: 35a2c528-aabb-4905-913c-31c5ae71599a - 5 causes identified
WARNING:service_assurance.sla_manager:SLA Violation: eMBB Standard Service SLA - kqi_pdu_session_success_rate (actual: 87.6923076923077, threshold: >= 99.0)
INFO:__main__:Auto-triggering RCA for violation: d51495ab-0a2a-44ff-ad55-86c4cd01be75
INFO:service_assurance.rca_engine:Starting RCA for trigger: d51495ab-0a2a-44ff-ad55-86c4cd01be75
INFO:service_assurance.rca_engine:RCA completed: ebd7e4db-dbda-43ee-8239-4789c987d51b - 5 causes identified
WARNING:service_assurance.sla_manager:SLA Violation: eMBB Standard Service SLA - kqi_throughput_achievement (actual: 88.02903581044261, threshold: >= 90.0)
INFO:__main__:Auto-triggering RCA for violation: 77ddfce0-dcc8-41d4-ba2c-36e65408c6ea
INFO:service_assurance.rca_engine:Starting RCA for trigger: 77ddfce0-dcc8-41d4-ba2c-36e65408c6ea
INFO:service_assurance.rca_engine:RCA completed: a16c7373-db4a-4368-a24f-5d6883910006 - 5 causes identified
WARNING:service_assurance.sla_manager:SLA Violation: URLLC Standard Service SLA - kqi_registration_success_rate (actual: 59.217877094972074, threshold: >= 99.999)
INFO:__main__:Auto-triggering RCA for violation: ff85e2e8-cc94-4e8d-9227-09c527cdce47
INFO:service_assurance.rca_engine:Starting RCA for trigger: ff85e2e8-cc94-4e8d-9227-09c527cdce47
INFO:service_assurance.rca_engine:RCA completed: f916bca8-acaf-4922-8e7b-efc75969458e - 5 causes identified
WARNING:service_assurance.sla_manager:SLA Violation: URLLC Standard Service SLA - kqi_pdu_session_success_rate (actual: 87.6923076923077, threshold: >= 99.99)
INFO:__main__:Auto-triggering RCA for violation: 10799f90-40d4-49bb-99e1-6dd683377a0e
INFO:service_assurance.rca_engine:Starting RCA for trigger: 10799f90-40d4-49bb-99e1-6dd683377a0e
INFO:service_assurance.rca_engine:RCA completed: e79e7138-07f2-4a99-9b07-0837eaa03d97 - 5 causes identified
WARNING:service_assurance.sla_manager:SLA Violation: URLLC Standard Service SLA - kqi_user_plane_latency (actual: 4.052839910730508, threshold: <= 1.0)
INFO:__main__:Auto-triggering RCA for violation: acd73ec8-6413-4694-b76e-c8c30a7efa78
INFO:service_assurance.rca_engine:Starting RCA for trigger: acd73ec8-6413-4694-b76e-c8c30a7efa78
INFO:service_assurance.rca_engine:RCA completed: 10bfa40c-4802-4526-9d00-b3dcbb3a85fe - 5 causes identified
WARNING:service_assurance.sla_manager:SLA Violation: URLLC Standard Service SLA - kqi_packet_loss_rate (actual: 0.03404622614366549, threshold: <= 1e-05)
INFO:__main__:Auto-triggering RCA for violation: 9345dfe3-39a5-4d1b-9a80-6822cff5f5c2
INFO:service_assurance.rca_engine:Starting RCA for trigger: 9345dfe3-39a5-4d1b-9a80-6822cff5f5c2
INFO:service_assurance.anomaly_detector:Anomaly monitoring started (interval: 30s)
INFO:__main__:Service Assurance started successfully
INFO:service_assurance.rca_engine:RCA completed: 6d80b77a-67f6-474c-ad3b-233378b728f4 - 5 causes identified
WARNING:service_assurance.sla_manager:SLA Violation: URLLC Standard Service SLA - kqi_service_availability (actual: 99.92104330461322, threshold: >= 99.9999)
WARNING:service_assurance.sla_manager:SLA Violation: mMTC Standard Service SLA - kqi_registration_success_rate (actual: 59.217877094972074, threshold: >= 99.0)
INFO:     Application startup complete.
WARNING:service_assurance.sla_manager:SLA Violation: mMTC Standard Service SLA - kqi_pdu_session_success_rate (actual: 87.6923076923077, threshold: >= 98.0)
INFO:__main__:Auto-triggering RCA for violation: 1c4099f0-f43d-4b6e-bd24-b7acffdd3b74
INFO:service_assurance.rca_engine:Starting RCA for trigger: 1c4099f0-f43d-4b6e-bd24-b7acffdd3b74
INFO:service_assurance.rca_engine:RCA completed: e150e3d7-725b-4fac-8dd3-24c58cb567a2 - 5 causes identified
WARNING:service_assurance.sla_manager:SLA Violation: N6 Firewall Security SLA - kqi_n6_firewall_availability (actual: 99.9942240471737, threshold: >= 99.999)
INFO:     Uvicorn running on http://0.0.0.0:9011 (Press CTRL+C to quit)
<SOURCE_5G_LAB_SIMULATOR_ROOT>/BF3-5G-Demo/open-digital-platform-2_0/5G_Emulator_API/service_assurance/assurance_api.py:177: DeprecationWarning: datetime.datetime.utcnow() is deprecated and scheduled for removal in a future version. Use timezone-aware objects to represent datetimes in UTC: datetime.datetime.now(datetime.UTC).
  timestamp=datetime.utcnow(),
INFO:     127.0.0.1:56122 - "GET /health HTTP/1.1" 200 OK
INFO:     127.0.0.1:56169 - "GET /health HTTP/1.1" 200 OK
INFO:     Shutting down
INFO:     Waiting for application shutdown.
INFO:__main__:Shutting down Service Assurance...

--- lab up 2026-06-05T16:29:49.105829+00:00 service=assurance port=9011 ---
$ <SOURCE_5G_LAB_SIMULATOR_ROOT>/BF3-5G-Demo/open-digital-platform-2_0/5G_Emulator_API/venv/bin/python -m service_assurance.assurance_api --host 0.0.0.0 --port 9011
INFO:     Started server process [5106]
INFO:     Waiting for application startup.
INFO:__main__:Starting Service Assurance...
INFO:service_assurance.kqi_calculator:KQI Calculator initialized
INFO:service_assurance.sla_manager:Registered SLA: sla_embb_standard - eMBB Standard Service SLA
INFO:service_assurance.sla_manager:Registered SLA: sla_urllc_standard - URLLC Standard Service SLA
INFO:service_assurance.sla_manager:Registered SLA: sla_mmtc_standard - mMTC Standard Service SLA
INFO:service_assurance.sla_manager:Registered SLA: sla_n6_firewall - N6 Firewall Security SLA
INFO:service_assurance.sla_manager:Initialized 4 default SLAs
INFO:service_assurance.sla_manager:SLA Manager initialized
INFO:service_assurance.anomaly_detector:Anomaly Detector initialized
INFO:service_assurance.rca_engine:RCA Engine initialized
INFO:service_assurance.collector:Initialized 10 default NF endpoints
INFO:service_assurance.collector:Metrics Collector initialized
WARNING:__main__:NRF registration returned: 500
INFO:service_assurance.collector:Metric collection started (interval: 30s, simulation: True)
INFO:service_assurance.sla_manager:SLA monitoring started (interval: 30s)
INFO:__main__:Auto-triggering RCA for violation: bffa3ede-0e13-48d5-928d-e8c92b103d4a
INFO:service_assurance.rca_engine:Starting RCA for trigger: bffa3ede-0e13-48d5-928d-e8c92b103d4a
INFO:service_assurance.anomaly_detector:Anomaly monitoring started (interval: 30s)
INFO:__main__:Service Assurance started successfully
INFO:service_assurance.rca_engine:RCA completed: b748e905-5e3b-4978-9f16-a226cfa69d93 - 4 causes identified
WARNING:service_assurance.sla_manager:SLA Violation: eMBB Standard Service SLA - kqi_registration_success_rate (actual: 72.28260869565217, threshold: >= 99.9)
INFO:__main__:Auto-triggering RCA for violation: cb807fea-0ef1-466d-b5a3-a41e84a5b967
INFO:     Application startup complete.
INFO:service_assurance.rca_engine:Starting RCA for trigger: cb807fea-0ef1-466d-b5a3-a41e84a5b967
INFO:service_assurance.rca_engine:RCA completed: 18a6b112-bfc0-4a62-a848-3ebae6f70085 - 4 causes identified
WARNING:service_assurance.sla_manager:SLA Violation: URLLC Standard Service SLA - kqi_registration_success_rate (actual: 72.28260869565217, threshold: >= 99.999)
INFO:__main__:Auto-triggering RCA for violation: 65ed1ea0-be2c-449c-b632-a014fd7a3073
INFO:service_assurance.rca_engine:Starting RCA for trigger: 65ed1ea0-be2c-449c-b632-a014fd7a3073
INFO:service_assurance.rca_engine:RCA completed: 33dc5ce6-b755-4ebe-8453-f5deeb5dcae8 - 5 causes identified
WARNING:service_assurance.sla_manager:SLA Violation: URLLC Standard Service SLA - kqi_user_plane_latency (actual: 4.927592089703588, threshold: <= 1.0)
INFO:__main__:Auto-triggering RCA for violation: cea99ebc-8093-47a5-9b4b-5a3a5e95a5f9
INFO:     Uvicorn running on http://0.0.0.0:9011 (Press CTRL+C to quit)
INFO:service_assurance.rca_engine:Starting RCA for trigger: cea99ebc-8093-47a5-9b4b-5a3a5e95a5f9
INFO:service_assurance.rca_engine:RCA completed: a5f91e78-997d-4f02-b75e-417ebdfd0e33 - 5 causes identified
WARNING:service_assurance.sla_manager:SLA Violation: URLLC Standard Service SLA - kqi_packet_loss_rate (actual: 0.011963783235389828, threshold: <= 1e-05)
INFO:__main__:Auto-triggering RCA for violation: ae332be1-1357-44f4-8bc2-ab506cb66bcc
INFO:service_assurance.rca_engine:Starting RCA for trigger: ae332be1-1357-44f4-8bc2-ab506cb66bcc
INFO:service_assurance.rca_engine:RCA completed: dea9f37b-33ed-445a-86ab-e69ac7540e47 - 5 causes identified
WARNING:service_assurance.sla_manager:SLA Violation: URLLC Standard Service SLA - kqi_service_availability (actual: 99.91462295415513, threshold: >= 99.9999)
WARNING:service_assurance.sla_manager:SLA Violation: mMTC Standard Service SLA - kqi_registration_success_rate (actual: 72.28260869565217, threshold: >= 99.0)
INFO:__main__:Auto-triggering RCA for violation: 92f25794-c7c5-4357-b32c-eb1b619e7dfd
INFO:service_assurance.rca_engine:Starting RCA for trigger: 92f25794-c7c5-4357-b32c-eb1b619e7dfd
INFO:service_assurance.rca_engine:RCA completed: 40ba3077-9021-49fb-9826-274c4e7e2967 - 5 causes identified
WARNING:service_assurance.sla_manager:SLA Violation: N6 Firewall Security SLA - kqi_n6_firewall_availability (actual: 99.99797502198982, threshold: >= 99.999)
<SOURCE_5G_LAB_SIMULATOR_ROOT>/BF3-5G-Demo/open-digital-platform-2_0/5G_Emulator_API/service_assurance/assurance_api.py:177: DeprecationWarning: datetime.datetime.utcnow() is deprecated and scheduled for removal in a future version. Use timezone-aware objects to represent datetimes in UTC: datetime.datetime.now(datetime.UTC).
  timestamp=datetime.utcnow(),
INFO:     127.0.0.1:56387 - "GET /health HTTP/1.1" 200 OK
INFO:__main__:Auto-triggering RCA for violation: a316bc1f-2df2-4858-9a5d-bbfe263b9717
INFO:service_assurance.rca_engine:Starting RCA for trigger: a316bc1f-2df2-4858-9a5d-bbfe263b9717
INFO:service_assurance.rca_engine:RCA completed: 63ff20b3-2d78-4216-86ec-a81e292520bd - 5 causes identified
WARNING:service_assurance.sla_manager:SLA Violation: eMBB Standard Service SLA - kqi_pdu_session_success_rate (actual: 90.9090909090909, threshold: >= 99.0)
INFO:service_assurance.sla_manager:Violation resolved: eMBB Standard Service SLA - kqi_pdu_session_success_rate (duration: 30s)
WARNING:service_assurance.anomaly_detector:Anomaly detected: Moving average deviation: kqi_registration_success_rate value 95.07 deviates 7.0% from MA 88.89
INFO:__main__:Auto-triggering RCA for anomaly: ca14c688-ea40-40ce-9f03-ac271fdc98ff
INFO:service_assurance.rca_engine:Starting RCA for trigger: ca14c688-ea40-40ce-9f03-ac271fdc98ff
INFO:service_assurance.rca_engine:RCA completed: da2ef6f5-273d-4635-96d3-8cf7742f8d9f - 5 causes identified
WARNING:service_assurance.anomaly_detector:Anomaly detected: Moving average deviation: kqi_authentication_success_rate value 106.39 deviates 12.4% from MA 94.68
INFO:__main__:Auto-triggering RCA for violation: 74cf5b0d-1e15-44f6-892b-f83a6e70d6e0
INFO:service_assurance.rca_engine:Starting RCA for trigger: 74cf5b0d-1e15-44f6-892b-f83a6e70d6e0
INFO:service_assurance.rca_engine:RCA completed: 713846c8-03eb-4a76-9ef4-b4ef496c0932 - 5 causes identified
WARNING:service_assurance.sla_manager:SLA Violation: eMBB Standard Service SLA - kqi_throughput_achievement (actual: 89.82602732398611, threshold: >= 90.0)
INFO:service_assurance.sla_manager:Violation resolved: eMBB Standard Service SLA - kqi_throughput_achievement (duration: 30s)
WARNING:service_assurance.anomaly_detector:Anomaly detected: Moving average deviation: kqi_pdu_session_success_rate value 97.16 deviates 8.8% from MA 106.55
INFO:__main__:Auto-triggering RCA for violation: 9e0d1893-2f22-473d-a978-750904f51966
INFO:service_assurance.rca_engine:Starting RCA for trigger: 9e0d1893-2f22-473d-a978-750904f51966
INFO:service_assurance.rca_engine:RCA completed: 56fbe729-b7aa-4204-a6b0-996916245597 - 5 causes identified
WARNING:service_assurance.sla_manager:SLA Violation: eMBB Standard Service SLA - kqi_pdu_session_success_rate (actual: 97.15832205683355, threshold: >= 99.0)
INFO:__main__:Auto-triggering RCA for violation: 2be6fb2d-aa03-45db-9ef3-43930d287993
INFO:service_assurance.rca_engine:Starting RCA for trigger: 2be6fb2d-aa03-45db-9ef3-43930d287993
INFO:service_assurance.rca_engine:RCA completed: 121ddc04-1df1-4449-8023-2cfe286f26c1 - 5 causes identified
WARNING:service_assurance.sla_manager:SLA Violation: URLLC Standard Service SLA - kqi_pdu_session_success_rate (actual: 97.15832205683355, threshold: >= 99.99)
WARNING:service_assurance.sla_manager:SLA Violation: mMTC Standard Service SLA - kqi_pdu_session_success_rate (actual: 97.15832205683355, threshold: >= 98.0)
INFO:service_assurance.sla_manager:Violation resolved: eMBB Standard Service SLA - kqi_pdu_session_success_rate (duration: 30s)
INFO:__main__:Auto-triggering RCA for violation: fe340551-de5b-4141-a49b-0ed7873d033a
INFO:service_assurance.rca_engine:Starting RCA for trigger: fe340551-de5b-4141-a49b-0ed7873d033a
INFO:service_assurance.rca_engine:RCA completed: 62fa8b32-dae5-4e2b-91eb-40c2e2adee3e - 5 causes identified
WARNING:service_assurance.sla_manager:SLA Violation: eMBB Standard Service SLA - kqi_throughput_achievement (actual: 88.64655589855859, threshold: >= 90.0)
INFO:service_assurance.sla_manager:Violation resolved: URLLC Standard Service SLA - kqi_pdu_session_success_rate (duration: 30s)
INFO:service_assurance.sla_manager:Violation resolved: mMTC Standard Service SLA - kqi_pdu_session_success_rate (duration: 30s)
WARNING:service_assurance.anomaly_detector:Anomaly detected: Moving average deviation: kqi_authentication_success_rate value 99.53 deviates 3.1% from MA 102.68
INFO:service_assurance.sla_manager:Violation resolved: eMBB Standard Service SLA - kqi_registration_success_rate (duration: 450s)
INFO:__main__:Auto-triggering RCA for violation: 6f01f6d4-0e65-4c0f-8da0-1e570b4847ff
INFO:service_assurance.rca_engine:Starting RCA for trigger: 6f01f6d4-0e65-4c0f-8da0-1e570b4847ff
INFO:service_assurance.rca_engine:RCA completed: 66bb9f00-7029-44e0-ab2c-6b011bba4c64 - 5 causes identified
WARNING:service_assurance.sla_manager:SLA Violation: eMBB Standard Service SLA - kqi_pdu_session_success_rate (actual: 97.52747252747253, threshold: >= 99.0)
INFO:service_assurance.sla_manager:Violation resolved: eMBB Standard Service SLA - kqi_throughput_achievement (duration: 30s)
INFO:service_assurance.sla_manager:Violation resolved: URLLC Standard Service SLA - kqi_registration_success_rate (duration: 450s)
INFO:__main__:Auto-triggering RCA for violation: 69a08efc-c5a2-44c8-8b7a-9f3275a69d87
INFO:service_assurance.rca_engine:Starting RCA for trigger: 69a08efc-c5a2-44c8-8b7a-9f3275a69d87
INFO:service_assurance.rca_engine:RCA completed: 5abb9c59-ec49-4619-93b0-4e73226ee142 - 5 causes identified
WARNING:service_assurance.sla_manager:SLA Violation: URLLC Standard Service SLA - kqi_pdu_session_success_rate (actual: 97.52747252747253, threshold: >= 99.99)
INFO:service_assurance.sla_manager:Violation resolved: mMTC Standard Service SLA - kqi_registration_success_rate (duration: 450s)
WARNING:service_assurance.sla_manager:SLA Violation: mMTC Standard Service SLA - kqi_pdu_session_success_rate (actual: 97.52747252747253, threshold: >= 98.0)
INFO:__main__:Auto-triggering RCA for violation: a433088b-b39f-4c1a-8f63-c039e914ee3b
INFO:service_assurance.rca_engine:Starting RCA for trigger: a433088b-b39f-4c1a-8f63-c039e914ee3b
INFO:service_assurance.rca_engine:RCA completed: 3272793e-200a-43ce-b3d5-8be9d59e48d6 - 5 causes identified
WARNING:service_assurance.sla_manager:SLA Violation: eMBB Standard Service SLA - kqi_registration_success_rate (actual: 94.09422694094228, threshold: >= 99.9)
INFO:__main__:Auto-triggering RCA for violation: 00743bf8-7ff8-4e50-b7bf-bfda0c85428b
INFO:service_assurance.rca_engine:Starting RCA for trigger: 00743bf8-7ff8-4e50-b7bf-bfda0c85428b
INFO:service_assurance.rca_engine:RCA completed: 0b9a82a9-7e41-4b24-b3f0-bce96a2c5111 - 5 causes identified
WARNING:service_assurance.sla_manager:SLA Violation: URLLC Standard Service SLA - kqi_registration_success_rate (actual: 94.09422694094228, threshold: >= 99.999)
WARNING:service_assurance.sla_manager:SLA Violation: mMTC Standard Service SLA - kqi_registration_success_rate (actual: 94.09422694094228, threshold: >= 99.0)
WARNING:service_assurance.anomaly_detector:Anomaly detected: Moving average deviation: kqi_registration_success_rate value 88.56 deviates 7.0% from MA 95.20
INFO:service_assurance.sla_manager:Violation resolved: mMTC Standard Service SLA - kqi_pdu_session_success_rate (duration: 150s)
WARNING:service_assurance.anomaly_detector:Anomaly detected: Moving average deviation: kqi_pdu_session_success_rate value 102.77 deviates 5.4% from MA 97.49
INFO:service_assurance.sla_manager:Violation resolved: eMBB Standard Service SLA - kqi_pdu_session_success_rate (duration: 180s)
INFO:service_assurance.sla_manager:Violation resolved: URLLC Standard Service SLA - kqi_pdu_session_success_rate (duration: 180s)
INFO:__main__:Auto-triggering RCA for violation: f5b9989a-89e4-4b2e-8010-9eb8b231a1e1
INFO:service_assurance.rca_engine:Starting RCA for trigger: f5b9989a-89e4-4b2e-8010-9eb8b231a1e1
INFO:service_assurance.rca_engine:RCA completed: 6208e9e2-648b-41ec-8e92-830b2b14b14e - 5 causes identified
WARNING:service_assurance.sla_manager:SLA Violation: eMBB Standard Service SLA - kqi_pdu_session_success_rate (actual: 92.42021276595744, threshold: >= 99.0)
INFO:__main__:Auto-triggering RCA for violation: d4d4ad94-9120-40de-90e3-5a25bcbc9da3
INFO:service_assurance.rca_engine:Starting RCA for trigger: d4d4ad94-9120-40de-90e3-5a25bcbc9da3
INFO:service_assurance.rca_engine:RCA completed: 6b2f1dee-d029-4cfb-a0b3-2a3fd091bbd1 - 5 causes identified
WARNING:service_assurance.sla_manager:SLA Violation: URLLC Standard Service SLA - kqi_pdu_session_success_rate (actual: 92.42021276595744, threshold: >= 99.99)
WARNING:service_assurance.sla_manager:SLA Violation: mMTC Standard Service SLA - kqi_pdu_session_success_rate (actual: 92.42021276595744, threshold: >= 98.0)
INFO:service_assurance.sla_manager:Violation resolved: eMBB Standard Service SLA - kqi_registration_success_rate (duration: 420s)
INFO:service_assurance.sla_manager:Violation resolved: URLLC Standard Service SLA - kqi_registration_success_rate (duration: 420s)
INFO:service_assurance.sla_manager:Violation resolved: mMTC Standard Service SLA - kqi_registration_success_rate (duration: 420s)
INFO:__main__:Auto-triggering RCA for violation: cf10d196-0d54-48eb-9654-e303e7603821
INFO:service_assurance.rca_engine:Starting RCA for trigger: cf10d196-0d54-48eb-9654-e303e7603821
INFO:service_assurance.rca_engine:RCA completed: 41b034ed-672f-4300-bdf3-ef2d8258d424 - 5 causes identified
WARNING:service_assurance.sla_manager:SLA Violation: eMBB Standard Service SLA - kqi_throughput_achievement (actual: 89.60825690398396, threshold: >= 90.0)
INFO:service_assurance.sla_manager:Violation resolved: eMBB Standard Service SLA - kqi_throughput_achievement (duration: 90s)
INFO:__main__:Auto-triggering RCA for violation: 470bcc14-5826-4107-9085-61faf932fd8d
INFO:service_assurance.rca_engine:Starting RCA for trigger: 470bcc14-5826-4107-9085-61faf932fd8d
INFO:service_assurance.rca_engine:RCA completed: 789f1d13-4740-4e30-aab8-7a8cf6c1411a - 5 causes identified
WARNING:service_assurance.sla_manager:SLA Violation: eMBB Standard Service SLA - kqi_throughput_achievement (actual: 89.93336143861688, threshold: >= 90.0)
INFO:service_assurance.sla_manager:Violation resolved: eMBB Standard Service SLA - kqi_throughput_achievement (duration: 60s)
INFO:__main__:Auto-triggering RCA for violation: 05bb8eaa-66d2-407d-b86f-698842fd96f5
INFO:service_assurance.rca_engine:Starting RCA for trigger: 05bb8eaa-66d2-407d-b86f-698842fd96f5
INFO:service_assurance.rca_engine:RCA completed: a984f46f-a5de-4cc0-b886-19797514857c - 5 causes identified
WARNING:service_assurance.sla_manager:SLA Violation: eMBB Standard Service SLA - kqi_throughput_achievement (actual: 89.73810269831203, threshold: >= 90.0)
INFO:service_assurance.sla_manager:Violation resolved: eMBB Standard Service SLA - kqi_pdu_session_success_rate (duration: 750s)
INFO:service_assurance.sla_manager:Violation resolved: mMTC Standard Service SLA - kqi_pdu_session_success_rate (duration: 750s)
INFO:service_assurance.sla_manager:Violation resolved: URLLC Standard Service SLA - kqi_pdu_session_success_rate (duration: 780s)
INFO:__main__:Auto-triggering RCA for violation: 8d8691ae-04d3-4ca1-b173-c692a1b6a9d9
INFO:service_assurance.rca_engine:Starting RCA for trigger: 8d8691ae-04d3-4ca1-b173-c692a1b6a9d9
INFO:service_assurance.rca_engine:RCA completed: a0153736-23f3-4c43-8451-beb360f1a608 - 5 causes identified
WARNING:service_assurance.sla_manager:SLA Violation: eMBB Standard Service SLA - kqi_registration_success_rate (actual: 99.52348536419333, threshold: >= 99.9)
INFO:__main__:Auto-triggering RCA for violation: 8958bc04-8dc1-47c7-ad57-f8e5a6be46f5
INFO:service_assurance.rca_engine:Starting RCA for trigger: 8958bc04-8dc1-47c7-ad57-f8e5a6be46f5
INFO:service_assurance.rca_engine:RCA completed: 2938af99-eece-4440-9283-ffe236f31bcf - 5 causes identified
WARNING:service_assurance.sla_manager:SLA Violation: URLLC Standard Service SLA - kqi_registration_success_rate (actual: 99.52348536419333, threshold: >= 99.999)
INFO:__main__:Auto-triggering RCA for violation: 8edf76ab-039a-4d3f-bcd4-397678557a47
INFO:service_assurance.rca_engine:Starting RCA for trigger: 8edf76ab-039a-4d3f-bcd4-397678557a47
INFO:service_assurance.rca_engine:RCA completed: 11baa98e-8352-4b31-850b-fca7c7294e98 - 5 causes identified
WARNING:service_assurance.sla_manager:SLA Violation: URLLC Standard Service SLA - kqi_pdu_session_success_rate (actual: 99.28977272727273, threshold: >= 99.99)
INFO:service_assurance.sla_manager:Violation resolved: eMBB Standard Service SLA - kqi_registration_success_rate (duration: 30s)
INFO:service_assurance.sla_manager:Violation resolved: eMBB Standard Service SLA - kqi_throughput_achievement (duration: 480s)
INFO:service_assurance.sla_manager:Violation resolved: URLLC Standard Service SLA - kqi_registration_success_rate (duration: 30s)
INFO:__main__:Auto-triggering RCA for violation: c7440eaf-2982-45e0-b049-1509b9254aeb
INFO:service_assurance.rca_engine:Starting RCA for trigger: c7440eaf-2982-45e0-b049-1509b9254aeb
INFO:service_assurance.rca_engine:RCA completed: 2f685e48-8ccd-4dbf-9b08-e64379b724a5 - 5 causes identified
WARNING:service_assurance.sla_manager:SLA Violation: eMBB Standard Service SLA - kqi_pdu_session_success_rate (actual: 91.22807017543859, threshold: >= 99.0)
WARNING:service_assurance.sla_manager:SLA Violation: mMTC Standard Service SLA - kqi_pdu_session_success_rate (actual: 91.22807017543859, threshold: >= 98.0)
INFO:__main__:Auto-triggering RCA for violation: fc2a0b24-d5c4-4192-a0ef-290c5dd02008
INFO:service_assurance.rca_engine:Starting RCA for trigger: fc2a0b24-d5c4-4192-a0ef-290c5dd02008
INFO:service_assurance.rca_engine:RCA completed: a4d5409b-59cb-4101-ab7b-ef39ab3ac0a8 - 5 causes identified
WARNING:service_assurance.sla_manager:SLA Violation: eMBB Standard Service SLA - kqi_throughput_achievement (actual: 88.96265725484467, threshold: >= 90.0)
INFO:__main__:Auto-triggering RCA for violation: 03ba2cb4-169e-49b3-ace6-43ec6362a67b
INFO:service_assurance.rca_engine:Starting RCA for trigger: 03ba2cb4-169e-49b3-ace6-43ec6362a67b
INFO:service_assurance.rca_engine:RCA completed: a788cfdf-85aa-48e1-81f1-dda87d9d756f - 5 causes identified
WARNING:service_assurance.sla_manager:SLA Violation: eMBB Standard Service SLA - kqi_registration_success_rate (actual: 93.38950097213221, threshold: >= 99.9)
INFO:__main__:Auto-triggering RCA for violation: c26ec7b1-e659-4550-8532-48866341f168
INFO:service_assurance.rca_engine:Starting RCA for trigger: c26ec7b1-e659-4550-8532-48866341f168
INFO:service_assurance.rca_engine:RCA completed: 369af707-9784-43ab-a304-461f30d1a385 - 5 causes identified
WARNING:service_assurance.sla_manager:SLA Violation: URLLC Standard Service SLA - kqi_registration_success_rate (actual: 93.38950097213221, threshold: >= 99.999)
WARNING:service_assurance.sla_manager:SLA Violation: mMTC Standard Service SLA - kqi_registration_success_rate (actual: 93.38950097213221, threshold: >= 99.0)
INFO:service_assurance.sla_manager:Violation resolved: eMBB Standard Service SLA - kqi_throughput_achievement (duration: 60s)
INFO:__main__:Auto-triggering RCA for violation: 07490d13-d5b8-4a33-9884-914f14e71e19
INFO:service_assurance.rca_engine:Starting RCA for trigger: 07490d13-d5b8-4a33-9884-914f14e71e19
INFO:service_assurance.rca_engine:RCA completed: be50ad46-0eb4-4123-b908-990018f3fe8f - 5 causes identified
WARNING:service_assurance.sla_manager:SLA Violation: eMBB Standard Service SLA - kqi_throughput_achievement (actual: 89.66902239990803, threshold: >= 90.0)
INFO:service_assurance.sla_manager:Violation resolved: eMBB Standard Service SLA - kqi_throughput_achievement (duration: 30s)
INFO:service_assurance.sla_manager:Violation resolved: eMBB Standard Service SLA - kqi_registration_success_rate (duration: 120s)
INFO:__main__:Auto-triggering RCA for violation: ec7235c9-a1bd-4afc-b364-15343053d1c8
INFO:service_assurance.rca_engine:Starting RCA for trigger: ec7235c9-a1bd-4afc-b364-15343053d1c8
INFO:service_assurance.rca_engine:RCA completed: a80612c5-465b-45bc-9d9d-5fb337967a31 - 5 causes identified
WARNING:service_assurance.sla_manager:SLA Violation: eMBB Standard Service SLA - kqi_throughput_achievement (actual: 88.73456211720688, threshold: >= 90.0)
INFO:service_assurance.sla_manager:Violation resolved: URLLC Standard Service SLA - kqi_registration_success_rate (duration: 120s)
INFO:service_assurance.sla_manager:Violation resolved: mMTC Standard Service SLA - kqi_registration_success_rate (duration: 120s)
INFO:__main__:Auto-triggering RCA for violation: be2d2837-b6ec-46c6-9c2c-090595063cf5
INFO:service_assurance.rca_engine:Starting RCA for trigger: be2d2837-b6ec-46c6-9c2c-090595063cf5
INFO:service_assurance.rca_engine:RCA completed: b7f79585-ff1b-4549-85c7-8753353f9c66 - 5 causes identified
WARNING:service_assurance.sla_manager:SLA Violation: eMBB Standard Service SLA - kqi_registration_success_rate (actual: 98.05825242718447, threshold: >= 99.9)
INFO:__main__:Auto-triggering RCA for violation: ea46e671-642e-405d-820f-637b4c783c90
INFO:service_assurance.rca_engine:Starting RCA for trigger: ea46e671-642e-405d-820f-637b4c783c90
INFO:service_assurance.rca_engine:RCA completed: bee9d370-c033-4ae9-ad54-d0719233d359 - 5 causes identified
WARNING:service_assurance.sla_manager:SLA Violation: URLLC Standard Service SLA - kqi_registration_success_rate (actual: 98.05825242718447, threshold: >= 99.999)
WARNING:service_assurance.sla_manager:SLA Violation: mMTC Standard Service SLA - kqi_registration_success_rate (actual: 98.05825242718447, threshold: >= 99.0)
INFO:service_assurance.sla_manager:Violation resolved: mMTC Standard Service SLA - kqi_registration_success_rate (duration: 30s)
WARNING:service_assurance.sla_manager:SLA Violation: mMTC Standard Service SLA - kqi_registration_success_rate (actual: 93.83116883116884, threshold: >= 99.0)
INFO:service_assurance.sla_manager:Violation resolved: eMBB Standard Service SLA - kqi_pdu_session_success_rate (duration: 300s)
INFO:service_assurance.sla_manager:Violation resolved: URLLC Standard Service SLA - kqi_pdu_session_success_rate (duration: 360s)
INFO:service_assurance.sla_manager:Violation resolved: mMTC Standard Service SLA - kqi_pdu_session_success_rate (duration: 300s)
INFO:service_assurance.sla_manager:Violation resolved: eMBB Standard Service SLA - kqi_throughput_achievement (duration: 390s)
INFO:__main__:Auto-triggering RCA for violation: 5d01baeb-d197-4cbc-a7f0-fa3e1bc3303a
INFO:service_assurance.rca_engine:Starting RCA for trigger: 5d01baeb-d197-4cbc-a7f0-fa3e1bc3303a
INFO:service_assurance.rca_engine:RCA completed: dd0b968b-c4e3-479f-aaf8-038a8343bc10 - 5 causes identified
WARNING:service_assurance.sla_manager:SLA Violation: eMBB Standard Service SLA - kqi_pdu_session_success_rate (actual: 96.94555112881807, threshold: >= 99.0)
INFO:__main__:Auto-triggering RCA for violation: a4881c46-de28-40e8-b520-7a29b14956c5
INFO:service_assurance.rca_engine:Starting RCA for trigger: a4881c46-de28-40e8-b520-7a29b14956c5
INFO:service_assurance.rca_engine:RCA completed: 58d00160-bb43-4614-adbe-604c614a0aa0 - 5 causes identified
WARNING:service_assurance.sla_manager:SLA Violation: URLLC Standard Service SLA - kqi_pdu_session_success_rate (actual: 96.94555112881807, threshold: >= 99.99)
WARNING:service_assurance.sla_manager:SLA Violation: mMTC Standard Service SLA - kqi_pdu_session_success_rate (actual: 96.94555112881807, threshold: >= 98.0)
INFO:service_assurance.sla_manager:Violation resolved: eMBB Standard Service SLA - kqi_pdu_session_success_rate (duration: 60s)
INFO:service_assurance.sla_manager:Violation resolved: URLLC Standard Service SLA - kqi_pdu_session_success_rate (duration: 60s)
INFO:service_assurance.sla_manager:Violation resolved: mMTC Standard Service SLA - kqi_pdu_session_success_rate (duration: 60s)
INFO:__main__:Auto-triggering RCA for violation: dfe7c07b-2d4b-4a68-9a4f-ba0d03ee9648
INFO:service_assurance.rca_engine:Starting RCA for trigger: dfe7c07b-2d4b-4a68-9a4f-ba0d03ee9648
INFO:service_assurance.rca_engine:RCA completed: 81c18922-8e79-4bc7-b52c-2e90339ac8c1 - 5 causes identified
WARNING:service_assurance.sla_manager:SLA Violation: eMBB Standard Service SLA - kqi_throughput_achievement (actual: 89.82303128660489, threshold: >= 90.0)
INFO:service_assurance.sla_manager:Violation resolved: eMBB Standard Service SLA - kqi_throughput_achievement (duration: 30s)
INFO:     Shutting down
INFO:     Waiting for application shutdown.
INFO:__main__:Shutting down Service Assurance...

--- lab up 2026-06-05T17:25:22.344959+00:00 service=assurance port=9011 ---
$ <SOURCE_5G_LAB_SIMULATOR_ROOT>/BF3-5G-Demo/open-digital-platform-2_0/5G_Emulator_API/venv/bin/python -m service_assurance.assurance_api --host 0.0.0.0 --port 9011
INFO:     Started server process [29211]
INFO:     Waiting for application startup.
INFO:__main__:Starting Service Assurance...
INFO:service_assurance.kqi_calculator:KQI Calculator initialized
INFO:service_assurance.sla_manager:Registered SLA: sla_embb_standard - eMBB Standard Service SLA
INFO:service_assurance.sla_manager:Registered SLA: sla_urllc_standard - URLLC Standard Service SLA
INFO:service_assurance.sla_manager:Registered SLA: sla_mmtc_standard - mMTC Standard Service SLA
INFO:service_assurance.sla_manager:Registered SLA: sla_n6_firewall - N6 Firewall Security SLA
INFO:service_assurance.sla_manager:Initialized 4 default SLAs
INFO:service_assurance.sla_manager:SLA Manager initialized
INFO:service_assurance.anomaly_detector:Anomaly Detector initialized
INFO:service_assurance.rca_engine:RCA Engine initialized
INFO:service_assurance.collector:Initialized 10 default NF endpoints
INFO:service_assurance.collector:Metrics Collector initialized
WARNING:__main__:NRF registration returned: 500
INFO:service_assurance.collector:Metric collection started (interval: 30s, simulation: True)
INFO:__main__:Auto-triggering RCA for violation: 9a9fc2e1-e4da-4d67-b2d9-ec2739387219
INFO:service_assurance.rca_engine:Starting RCA for trigger: 9a9fc2e1-e4da-4d67-b2d9-ec2739387219
INFO:service_assurance.rca_engine:RCA completed: 32b0e16f-8447-46b4-986e-df94b95308c0 - 4 causes identified
WARNING:service_assurance.sla_manager:SLA Violation: eMBB Standard Service SLA - kqi_registration_success_rate (actual: 99.49748743718592, threshold: >= 99.9)
INFO:__main__:Auto-triggering RCA for violation: f1ed53b4-4106-4d93-a31c-0452f639a2a9
INFO:service_assurance.rca_engine:Starting RCA for trigger: f1ed53b4-4106-4d93-a31c-0452f639a2a9
INFO:service_assurance.rca_engine:RCA completed: a336fd88-2f76-49f1-bbc3-a5a0e515d7d3 - 5 causes identified
WARNING:service_assurance.sla_manager:SLA Violation: eMBB Standard Service SLA - kqi_pdu_session_success_rate (actual: 58.333333333333336, threshold: >= 99.0)
INFO:__main__:Auto-triggering RCA for violation: 71ff0d31-d1ce-47b4-947f-01795c09118b
INFO:service_assurance.rca_engine:Starting RCA for trigger: 71ff0d31-d1ce-47b4-947f-01795c09118b
INFO:service_assurance.rca_engine:RCA completed: c0d330b6-bf83-43d8-98c9-3fdd92f5381e - 5 causes identified
WARNING:service_assurance.sla_manager:SLA Violation: URLLC Standard Service SLA - kqi_registration_success_rate (actual: 99.49748743718592, threshold: >= 99.999)
INFO:__main__:Auto-triggering RCA for violation: cfb84d7c-8cab-488c-92d0-554487fdae27
INFO:service_assurance.rca_engine:Starting RCA for trigger: cfb84d7c-8cab-488c-92d0-554487fdae27
INFO:service_assurance.rca_engine:RCA completed: 5683fc89-88f8-447b-ba81-e71994464996 - 5 causes identified
WARNING:service_assurance.sla_manager:SLA Violation: URLLC Standard Service SLA - kqi_pdu_session_success_rate (actual: 58.333333333333336, threshold: >= 99.99)
INFO:__main__:Auto-triggering RCA for violation: 8bdb4af2-1d48-49a3-acac-e923bab88563
INFO:service_assurance.rca_engine:Starting RCA for trigger: 8bdb4af2-1d48-49a3-acac-e923bab88563
INFO:service_assurance.rca_engine:RCA completed: 3907cf68-0b85-442d-b21d-8d56f07d63a1 - 5 causes identified
WARNING:service_assurance.sla_manager:SLA Violation: URLLC Standard Service SLA - kqi_user_plane_latency (actual: 3.4768117696332888, threshold: <= 1.0)
INFO:__main__:Auto-triggering RCA for violation: bcbee356-463b-48e7-9cbd-f5efd166d56a
INFO:service_assurance.rca_engine:Starting RCA for trigger: bcbee356-463b-48e7-9cbd-f5efd166d56a
INFO:service_assurance.rca_engine:RCA completed: 1c1304dd-6bc5-4eee-be0b-9d0679a94a00 - 5 causes identified
WARNING:service_assurance.sla_manager:SLA Violation: URLLC Standard Service SLA - kqi_packet_loss_rate (actual: 0.004608352849009414, threshold: <= 1e-05)
INFO:__main__:Auto-triggering RCA for violation: 449d5464-0957-46d8-ac50-113ae0b4cdc7
INFO:service_assurance.rca_engine:Starting RCA for trigger: 449d5464-0957-46d8-ac50-113ae0b4cdc7
INFO:service_assurance.rca_engine:RCA completed: ce768737-8335-427f-ab5f-fa534cb3daf3 - 5 causes identified
WARNING:service_assurance.sla_manager:SLA Violation: URLLC Standard Service SLA - kqi_service_availability (actual: 99.9362852162935, threshold: >= 99.9999)
WARNING:service_assurance.sla_manager:SLA Violation: mMTC Standard Service SLA - kqi_pdu_session_success_rate (actual: 58.333333333333336, threshold: >= 98.0)
INFO:__main__:Auto-triggering RCA for violation: cfe78ef7-66fe-4f2e-9cf0-cd3f562a1198
INFO:service_assurance.rca_engine:Starting RCA for trigger: cfe78ef7-66fe-4f2e-9cf0-cd3f562a1198
INFO:service_assurance.rca_engine:RCA completed: a792dccc-e381-455c-8b77-219f84c4748c - 5 causes identified
INFO:service_assurance.sla_manager:SLA monitoring started (interval: 30s)
WARNING:service_assurance.sla_manager:SLA Violation: N6 Firewall Security SLA - kqi_n6_firewall_availability (actual: 99.99020312931545, threshold: >= 99.999)
INFO:service_assurance.anomaly_detector:Anomaly monitoring started (interval: 30s)
INFO:__main__:Service Assurance started successfully
INFO:     Application startup complete.
INFO:     Uvicorn running on http://0.0.0.0:9011 (Press CTRL+C to quit)
<SOURCE_5G_LAB_SIMULATOR_ROOT>/BF3-5G-Demo/open-digital-platform-2_0/5G_Emulator_API/service_assurance/assurance_api.py:177: DeprecationWarning: datetime.datetime.utcnow() is deprecated and scheduled for removal in a future version. Use timezone-aware objects to represent datetimes in UTC: datetime.datetime.now(datetime.UTC).
  timestamp=datetime.utcnow(),
INFO:     127.0.0.1:57119 - "GET /health HTTP/1.1" 200 OK
WARNING:service_assurance.sla_manager:SLA Violation: mMTC Standard Service SLA - kqi_registration_success_rate (actual: 88.10810810810811, threshold: >= 99.0)
INFO:     127.0.0.1:57227 - "GET /health HTTP/1.1" 200 OK
INFO:     127.0.0.1:57273 - "GET /health HTTP/1.1" 200 OK
INFO:     127.0.0.1:57319 - "GET /health HTTP/1.1" 200 OK
INFO:     127.0.0.1:57408 - "GET /health HTTP/1.1" 200 OK
INFO:__main__:Auto-triggering RCA for violation: 6ba2dd7d-03fc-4ea9-b25c-a4c36857caa7
INFO:service_assurance.rca_engine:Starting RCA for trigger: 6ba2dd7d-03fc-4ea9-b25c-a4c36857caa7
INFO:service_assurance.rca_engine:RCA completed: 16910363-d036-43f0-82e3-7293ea38a5ee - 5 causes identified
WARNING:service_assurance.sla_manager:SLA Violation: eMBB Standard Service SLA - kqi_throughput_achievement (actual: 87.80546147317929, threshold: >= 90.0)
INFO:     127.0.0.1:57459 - "GET /health HTTP/1.1" 200 OK
INFO:     127.0.0.1:57526 - "GET /health HTTP/1.1" 200 OK
INFO:     127.0.0.1:57572 - "GET /health HTTP/1.1" 200 OK
INFO:     127.0.0.1:57618 - "GET /health HTTP/1.1" 200 OK
INFO:     127.0.0.1:57670 - "GET /health HTTP/1.1" 200 OK
INFO:service_assurance.sla_manager:Violation resolved: eMBB Standard Service SLA - kqi_throughput_achievement (duration: 120s)
INFO:     127.0.0.1:57752 - "GET /health HTTP/1.1" 200 OK
INFO:     127.0.0.1:57798 - "GET /health HTTP/1.1" 200 OK
WARNING:service_assurance.anomaly_detector:Anomaly detected: Moving average deviation: kqi_pdu_session_success_rate value 97.96 deviates 9.9% from MA 89.16
INFO:__main__:Auto-triggering RCA for anomaly: 06bfd870-6222-46ea-8a16-fd18dac551aa
INFO:service_assurance.rca_engine:Starting RCA for trigger: 06bfd870-6222-46ea-8a16-fd18dac551aa
INFO:service_assurance.rca_engine:RCA completed: b0997153-78e8-4c0a-826c-570287f7e7cd - 5 causes identified
WARNING:service_assurance.anomaly_detector:Anomaly detected: Moving average deviation: kqi_authentication_success_rate value 101.03 deviates 6.7% from MA 94.71
INFO:     127.0.0.1:57868 - "GET /health HTTP/1.1" 200 OK
WARNING:service_assurance.anomaly_detector:Anomaly detected: Moving average deviation: kqi_pdu_session_success_rate value 84.84 deviates 7.6% from MA 91.85
INFO:     127.0.0.1:57914 - "GET /health HTTP/1.1" 200 OK
WARNING:service_assurance.anomaly_detector:Anomaly detected: Moving average deviation: kqi_authentication_success_rate value 97.75 deviates 3.7% from MA 101.47
INFO:__main__:Auto-triggering RCA for violation: 9bd97b81-7346-4133-8ee8-b9f923027c8e
INFO:service_assurance.rca_engine:Starting RCA for trigger: 9bd97b81-7346-4133-8ee8-b9f923027c8e
INFO:service_assurance.rca_engine:RCA completed: 9c8eb99e-73d6-4ddd-881c-8b940ee09210 - 5 causes identified
WARNING:service_assurance.sla_manager:SLA Violation: eMBB Standard Service SLA - kqi_throughput_achievement (actual: 88.80401516659218, threshold: >= 90.0)
INFO:service_assurance.sla_manager:Violation resolved: eMBB Standard Service SLA - kqi_pdu_session_success_rate (duration: 690s)
INFO:service_assurance.sla_manager:Violation resolved: URLLC Standard Service SLA - kqi_pdu_session_success_rate (duration: 690s)
INFO:service_assurance.sla_manager:Violation resolved: mMTC Standard Service SLA - kqi_pdu_session_success_rate (duration: 690s)
WARNING:service_assurance.anomaly_detector:Anomaly detected: Moving average deviation: kqi_registration_success_rate value 101.81 deviates 8.9% from MA 93.48
INFO:service_assurance.sla_manager:Violation resolved: eMBB Standard Service SLA - kqi_registration_success_rate (duration: 780s)
INFO:service_assurance.sla_manager:Violation resolved: eMBB Standard Service SLA - kqi_throughput_achievement (duration: 180s)
INFO:service_assurance.sla_manager:Violation resolved: URLLC Standard Service SLA - kqi_registration_success_rate (duration: 780s)
INFO:__main__:Auto-triggering RCA for violation: ae13842c-18b5-4459-9d7e-1078fa7b1f0d
INFO:service_assurance.rca_engine:Starting RCA for trigger: ae13842c-18b5-4459-9d7e-1078fa7b1f0d
INFO:service_assurance.rca_engine:RCA completed: 556464cf-df4b-4d9d-8cae-065c3c12ef18 - 5 causes identified
WARNING:service_assurance.sla_manager:SLA Violation: URLLC Standard Service SLA - kqi_pdu_session_success_rate (actual: 99.46091644204851, threshold: >= 99.99)
INFO:service_assurance.sla_manager:Violation resolved: mMTC Standard Service SLA - kqi_registration_success_rate (duration: 720s)
INFO:__main__:Auto-triggering RCA for violation: 762d7707-82ed-4a6e-b4b3-46b79f114e60
INFO:service_assurance.rca_engine:Starting RCA for trigger: 762d7707-82ed-4a6e-b4b3-46b79f114e60
INFO:service_assurance.rca_engine:RCA completed: 7537e526-4313-4502-9daa-ea7c51a565d8 - 5 causes identified
WARNING:service_assurance.sla_manager:SLA Violation: eMBB Standard Service SLA - kqi_pdu_session_success_rate (actual: 96.35890767230168, threshold: >= 99.0)
WARNING:service_assurance.sla_manager:SLA Violation: mMTC Standard Service SLA - kqi_pdu_session_success_rate (actual: 96.35890767230168, threshold: >= 98.0)
INFO:__main__:Auto-triggering RCA for violation: 87089d2e-d310-4423-8653-ae3672a708ce
INFO:service_assurance.rca_engine:Starting RCA for trigger: 87089d2e-d310-4423-8653-ae3672a708ce
INFO:service_assurance.rca_engine:RCA completed: 7e7a6073-64ae-4bff-a564-565802b3c689 - 5 causes identified
WARNING:service_assurance.sla_manager:SLA Violation: eMBB Standard Service SLA - kqi_throughput_achievement (actual: 89.36328410406824, threshold: >= 90.0)
INFO:service_assurance.sla_manager:Violation resolved: eMBB Standard Service SLA - kqi_throughput_achievement (duration: 30s)
INFO:__main__:Auto-triggering RCA for violation: db4b4c41-9e76-4ec3-9562-e73328fe393d
INFO:service_assurance.rca_engine:Starting RCA for trigger: db4b4c41-9e76-4ec3-9562-e73328fe393d
INFO:service_assurance.rca_engine:RCA completed: 6263cb8d-83bb-4d44-917b-b425f125215d - 5 causes identified
WARNING:service_assurance.sla_manager:SLA Violation: eMBB Standard Service SLA - kqi_throughput_achievement (actual: 89.6386679898775, threshold: >= 90.0)
WARNING:service_assurance.anomaly_detector:Anomaly detected: Moving average deviation: kqi_registration_success_rate value 97.34 deviates 9.8% from MA 107.87
INFO:__main__:Auto-triggering RCA for violation: e69884e0-a0cf-46aa-a23c-93aed1f5e176
INFO:service_assurance.rca_engine:Starting RCA for trigger: e69884e0-a0cf-46aa-a23c-93aed1f5e176
INFO:service_assurance.rca_engine:RCA completed: a502d59a-685d-4c22-9cf3-219fa184ca42 - 5 causes identified
WARNING:service_assurance.sla_manager:SLA Violation: eMBB Standard Service SLA - kqi_registration_success_rate (actual: 97.33766233766234, threshold: >= 99.9)
INFO:service_assurance.sla_manager:Violation resolved: eMBB Standard Service SLA - kqi_pdu_session_success_rate (duration: 420s)
INFO:__main__:Auto-triggering RCA for violation: a3a11d8b-35a8-413e-9c82-bd8d601e8ed7
INFO:service_assurance.rca_engine:Starting RCA for trigger: a3a11d8b-35a8-413e-9c82-bd8d601e8ed7
INFO:service_assurance.rca_engine:RCA completed: 1a734ffe-5bf2-4c18-9a79-8447b953ff0a - 5 causes identified
WARNING:service_assurance.sla_manager:SLA Violation: URLLC Standard Service SLA - kqi_registration_success_rate (actual: 97.33766233766234, threshold: >= 99.999)
INFO:service_assurance.sla_manager:Violation resolved: URLLC Standard Service SLA - kqi_pdu_session_success_rate (duration: 450s)
WARNING:service_assurance.sla_manager:SLA Violation: mMTC Standard Service SLA - kqi_registration_success_rate (actual: 97.33766233766234, threshold: >= 99.0)
INFO:service_assurance.sla_manager:Violation resolved: mMTC Standard Service SLA - kqi_pdu_session_success_rate (duration: 420s)
WARNING:service_assurance.anomaly_detector:Anomaly detected: Moving average deviation: kqi_control_plane_latency value 6.65 deviates 52.9% from MA 14.10
INFO:service_assurance.sla_manager:Violation resolved: eMBB Standard Service SLA - kqi_registration_success_rate (duration: 5883s)
INFO:service_assurance.sla_manager:Violation resolved: URLLC Standard Service SLA - kqi_registration_success_rate (duration: 5883s)
INFO:service_assurance.sla_manager:Violation resolved: mMTC Standard Service SLA - kqi_registration_success_rate (duration: 5883s)
WARNING:service_assurance.anomaly_detector:Anomaly detected: Moving average deviation: kqi_user_plane_latency value 3.96 deviates 45.8% from MA 7.31
INFO:__main__:Auto-triggering RCA for violation: 0fd8dd3d-eef6-4b3c-a4a4-f6496149bd18
INFO:service_assurance.rca_engine:Starting RCA for trigger: 0fd8dd3d-eef6-4b3c-a4a4-f6496149bd18
INFO:service_assurance.rca_engine:RCA completed: f1b63409-46fc-4889-a496-883b30c1bf4c - 5 causes identified
WARNING:service_assurance.sla_manager:SLA Violation: eMBB Standard Service SLA - kqi_registration_success_rate (actual: 73.25905292479109, threshold: >= 99.9)
INFO:__main__:Auto-triggering RCA for violation: 00454182-c4e9-46c5-bd04-63cb6c51c467
INFO:service_assurance.rca_engine:Starting RCA for trigger: 00454182-c4e9-46c5-bd04-63cb6c51c467
INFO:service_assurance.rca_engine:RCA completed: 2de37db1-425a-4ef5-9b81-92d7a1df1511 - 5 causes identified
WARNING:service_assurance.sla_manager:SLA Violation: eMBB Standard Service SLA - kqi_pdu_session_success_rate (actual: 83.33333333333334, threshold: >= 99.0)
INFO:service_assurance.sla_manager:Violation resolved: eMBB Standard Service SLA - kqi_throughput_achievement (duration: 6331s)
INFO:__main__:Auto-triggering RCA for violation: c6a014d9-b986-456a-a53b-c292b9b49ea9
INFO:service_assurance.rca_engine:Starting RCA for trigger: c6a014d9-b986-456a-a53b-c292b9b49ea9
INFO:service_assurance.rca_engine:RCA completed: 55cd0e3f-24de-435b-a398-8bc13647fc4a - 5 causes identified
WARNING:service_assurance.sla_manager:SLA Violation: URLLC Standard Service SLA - kqi_registration_success_rate (actual: 73.25905292479109, threshold: >= 99.999)
INFO:__main__:Auto-triggering RCA for violation: 5a655bdf-f663-4652-bde1-da871b3a6456
INFO:service_assurance.rca_engine:Starting RCA for trigger: 5a655bdf-f663-4652-bde1-da871b3a6456
INFO:service_assurance.rca_engine:RCA completed: 61c035f7-d307-48e7-873f-a5a5297cc366 - 5 causes identified
WARNING:service_assurance.sla_manager:SLA Violation: URLLC Standard Service SLA - kqi_pdu_session_success_rate (actual: 83.33333333333334, threshold: >= 99.99)
WARNING:service_assurance.sla_manager:SLA Violation: mMTC Standard Service SLA - kqi_registration_success_rate (actual: 73.25905292479109, threshold: >= 99.0)
WARNING:service_assurance.sla_manager:SLA Violation: mMTC Standard Service SLA - kqi_pdu_session_success_rate (actual: 83.33333333333334, threshold: >= 98.0)
INFO:__main__:Auto-triggering RCA for violation: 3cc6594a-3b90-42b4-884a-7ab1b13f527d
INFO:service_assurance.rca_engine:Starting RCA for trigger: 3cc6594a-3b90-42b4-884a-7ab1b13f527d
INFO:service_assurance.rca_engine:RCA completed: 3d646764-ad83-417e-9c08-8730031b20c0 - 5 causes identified
WARNING:service_assurance.sla_manager:SLA Violation: eMBB Standard Service SLA - kqi_throughput_achievement (actual: 88.77217412407549, threshold: >= 90.0)
INFO:service_assurance.sla_manager:Violation resolved: eMBB Standard Service SLA - kqi_registration_success_rate (duration: 1110s)
INFO:service_assurance.sla_manager:Violation resolved: eMBB Standard Service SLA - kqi_pdu_session_success_rate (duration: 1110s)
INFO:service_assurance.sla_manager:Violation resolved: URLLC Standard Service SLA - kqi_registration_success_rate (duration: 1110s)
INFO:service_assurance.sla_manager:Violation resolved: URLLC Standard Service SLA - kqi_pdu_session_success_rate (duration: 1110s)
INFO:service_assurance.sla_manager:Violation resolved: mMTC Standard Service SLA - kqi_registration_success_rate (duration: 1110s)
INFO:service_assurance.sla_manager:Violation resolved: mMTC Standard Service SLA - kqi_pdu_session_success_rate (duration: 1110s)
INFO:service_assurance.sla_manager:Violation resolved: eMBB Standard Service SLA - kqi_throughput_achievement (duration: 1110s)
INFO:__main__:Auto-triggering RCA for violation: 87f5dce6-7e9a-4e81-824a-74b481f8cda1
INFO:service_assurance.rca_engine:Starting RCA for trigger: 87f5dce6-7e9a-4e81-824a-74b481f8cda1
INFO:service_assurance.rca_engine:RCA completed: e4fa72dd-6140-4bdc-8b4c-75a5e642a25e - 5 causes identified
WARNING:service_assurance.sla_manager:SLA Violation: eMBB Standard Service SLA - kqi_registration_success_rate (actual: 94.94949494949495, threshold: >= 99.9)
INFO:__main__:Auto-triggering RCA for violation: 36e4fd1a-0bcb-469d-940b-0dfa67aa8019
INFO:service_assurance.rca_engine:Starting RCA for trigger: 36e4fd1a-0bcb-469d-940b-0dfa67aa8019
INFO:service_assurance.rca_engine:RCA completed: 30046ba1-b72c-4383-a710-fae25362b81e - 5 causes identified
WARNING:service_assurance.sla_manager:SLA Violation: eMBB Standard Service SLA - kqi_pdu_session_success_rate (actual: 96.08433734939759, threshold: >= 99.0)
INFO:__main__:Auto-triggering RCA for violation: ef59507f-384b-4fa2-ae4e-e7e7d31f0cb6
INFO:service_assurance.rca_engine:Starting RCA for trigger: ef59507f-384b-4fa2-ae4e-e7e7d31f0cb6
INFO:service_assurance.rca_engine:RCA completed: 0dc7c59b-aae3-4177-bcd5-e260d0f55ae6 - 5 causes identified
WARNING:service_assurance.sla_manager:SLA Violation: URLLC Standard Service SLA - kqi_registration_success_rate (actual: 94.94949494949495, threshold: >= 99.999)
INFO:__main__:Auto-triggering RCA for violation: 4a62a0e9-01d4-4699-bada-fe5dddcf46d3
INFO:service_assurance.rca_engine:Starting RCA for trigger: 4a62a0e9-01d4-4699-bada-fe5dddcf46d3
INFO:service_assurance.rca_engine:RCA completed: ddcb47c9-173f-4eff-a6c4-ba5a88b91f8b - 5 causes identified
WARNING:service_assurance.sla_manager:SLA Violation: URLLC Standard Service SLA - kqi_pdu_session_success_rate (actual: 96.08433734939759, threshold: >= 99.99)
WARNING:service_assurance.sla_manager:SLA Violation: mMTC Standard Service SLA - kqi_registration_success_rate (actual: 94.94949494949495, threshold: >= 99.0)
WARNING:service_assurance.sla_manager:SLA Violation: mMTC Standard Service SLA - kqi_pdu_session_success_rate (actual: 96.08433734939759, threshold: >= 98.0)
WARNING:service_assurance.anomaly_detector:Anomaly detected: Moving average deviation: kqi_user_plane_latency value 7.51 deviates 51.5% from MA 4.96
WARNING:service_assurance.anomaly_detector:Anomaly detected: Moving average deviation: kqi_control_plane_latency value 14.85 deviates 62.3% from MA 9.15
INFO:__main__:Auto-triggering RCA for violation: 78087f45-1e83-43ac-8884-8d24a6aa1263
INFO:service_assurance.rca_engine:Starting RCA for trigger: 78087f45-1e83-43ac-8884-8d24a6aa1263
INFO:service_assurance.rca_engine:RCA completed: a0552eba-6e60-446e-9fff-7f1256f20579 - 5 causes identified
WARNING:service_assurance.sla_manager:SLA Violation: eMBB Standard Service SLA - kqi_throughput_achievement (actual: 89.17425243411769, threshold: >= 90.0)
INFO:service_assurance.sla_manager:Violation resolved: eMBB Standard Service SLA - kqi_pdu_session_success_rate (duration: 103s)
INFO:service_assurance.sla_manager:Violation resolved: eMBB Standard Service SLA - kqi_throughput_achievement (duration: 67s)
INFO:service_assurance.sla_manager:Violation resolved: URLLC Standard Service SLA - kqi_pdu_session_success_rate (duration: 103s)
INFO:service_assurance.sla_manager:Violation resolved: mMTC Standard Service SLA - kqi_registration_success_rate (duration: 103s)
INFO:service_assurance.sla_manager:Violation resolved: mMTC Standard Service SLA - kqi_pdu_session_success_rate (duration: 103s)
WARNING:service_assurance.sla_manager:SLA Violation: mMTC Standard Service SLA - kqi_registration_success_rate (actual: 98.8985051140834, threshold: >= 99.0)
INFO:service_assurance.sla_manager:Violation resolved: eMBB Standard Service SLA - kqi_registration_success_rate (duration: 169s)
INFO:service_assurance.sla_manager:Violation resolved: URLLC Standard Service SLA - kqi_registration_success_rate (duration: 169s)
INFO:service_assurance.sla_manager:Violation resolved: mMTC Standard Service SLA - kqi_registration_success_rate (duration: 30s)
INFO:__main__:Auto-triggering RCA for violation: 7d482c5e-b9b8-4790-a5f8-72de6d362f6c
INFO:service_assurance.rca_engine:Starting RCA for trigger: 7d482c5e-b9b8-4790-a5f8-72de6d362f6c
INFO:service_assurance.rca_engine:RCA completed: 625cef6f-cee6-4753-b944-ccf4a1e54a9b - 5 causes identified
WARNING:service_assurance.sla_manager:SLA Violation: eMBB Standard Service SLA - kqi_registration_success_rate (actual: 98.6722571628232, threshold: >= 99.9)
INFO:__main__:Auto-triggering RCA for violation: 9678e98d-38c1-4931-9e85-5a73eabd1512
INFO:service_assurance.rca_engine:Starting RCA for trigger: 9678e98d-38c1-4931-9e85-5a73eabd1512
INFO:service_assurance.rca_engine:RCA completed: ce54cb87-67ed-4135-878d-f24237dcc8e6 - 5 causes identified
WARNING:service_assurance.sla_manager:SLA Violation: URLLC Standard Service SLA - kqi_registration_success_rate (actual: 98.6722571628232, threshold: >= 99.999)
WARNING:service_assurance.sla_manager:SLA Violation: mMTC Standard Service SLA - kqi_registration_success_rate (actual: 98.6722571628232, threshold: >= 99.0)
INFO:service_assurance.sla_manager:Violation resolved: eMBB Standard Service SLA - kqi_registration_success_rate (duration: 37s)
INFO:service_assurance.sla_manager:Violation resolved: URLLC Standard Service SLA - kqi_registration_success_rate (duration: 37s)
INFO:service_assurance.sla_manager:Violation resolved: mMTC Standard Service SLA - kqi_registration_success_rate (duration: 37s)
INFO:__main__:Auto-triggering RCA for violation: b68de688-afb0-4947-9657-e7e386fc8031
INFO:service_assurance.rca_engine:Starting RCA for trigger: b68de688-afb0-4947-9657-e7e386fc8031
INFO:service_assurance.rca_engine:RCA completed: f9d0ebb9-033b-403c-b822-81e418887890 - 5 causes identified
WARNING:service_assurance.sla_manager:SLA Violation: eMBB Standard Service SLA - kqi_registration_success_rate (actual: 98.34824501032347, threshold: >= 99.9)
INFO:__main__:Auto-triggering RCA for violation: 2e71bd1b-11e3-473d-abe8-46da634ee6fe
INFO:service_assurance.rca_engine:Starting RCA for trigger: 2e71bd1b-11e3-473d-abe8-46da634ee6fe
INFO:service_assurance.rca_engine:RCA completed: d8383a2d-6aab-4e4b-8091-5c8108a4ec3d - 5 causes identified
WARNING:service_assurance.sla_manager:SLA Violation: URLLC Standard Service SLA - kqi_registration_success_rate (actual: 98.34824501032347, threshold: >= 99.999)
WARNING:service_assurance.sla_manager:SLA Violation: mMTC Standard Service SLA - kqi_registration_success_rate (actual: 98.34824501032347, threshold: >= 99.0)
INFO:service_assurance.sla_manager:Violation resolved: eMBB Standard Service SLA - kqi_registration_success_rate (duration: 30s)
INFO:service_assurance.sla_manager:Violation resolved: URLLC Standard Service SLA - kqi_registration_success_rate (duration: 30s)
INFO:service_assurance.sla_manager:Violation resolved: mMTC Standard Service SLA - kqi_registration_success_rate (duration: 30s)
INFO:__main__:Auto-triggering RCA for violation: 188483eb-a795-48db-bdc6-9a2ee4bcdd42
INFO:service_assurance.rca_engine:Starting RCA for trigger: 188483eb-a795-48db-bdc6-9a2ee4bcdd42
INFO:service_assurance.rca_engine:RCA completed: b8d80adf-f284-4cd8-9ee4-f15a2d984525 - 5 causes identified
WARNING:service_assurance.sla_manager:SLA Violation: eMBB Standard Service SLA - kqi_registration_success_rate (actual: 95.630725863284, threshold: >= 99.9)
INFO:__main__:Auto-triggering RCA for violation: ccf69c77-4b4a-4eba-8651-af95315a7713
INFO:service_assurance.rca_engine:Starting RCA for trigger: ccf69c77-4b4a-4eba-8651-af95315a7713
INFO:service_assurance.rca_engine:RCA completed: 12b3ebbf-eafc-4c4d-b89f-d69e8845bd63 - 5 causes identified
WARNING:service_assurance.sla_manager:SLA Violation: URLLC Standard Service SLA - kqi_registration_success_rate (actual: 95.630725863284, threshold: >= 99.999)
WARNING:service_assurance.sla_manager:SLA Violation: mMTC Standard Service SLA - kqi_registration_success_rate (actual: 95.630725863284, threshold: >= 99.0)
INFO:__main__:Auto-triggering RCA for violation: 43ba2462-0f26-4fa8-8bd4-79b44cbb7401
INFO:service_assurance.rca_engine:Starting RCA for trigger: 43ba2462-0f26-4fa8-8bd4-79b44cbb7401
INFO:service_assurance.rca_engine:RCA completed: 0b5bf85f-f40f-49e2-b88d-53a012778d40 - 5 causes identified
WARNING:service_assurance.sla_manager:SLA Violation: eMBB Standard Service SLA - kqi_throughput_achievement (actual: 89.24168326936977, threshold: >= 90.0)
INFO:__main__:Auto-triggering RCA for violation: c3b17b6f-1e7a-4905-ba28-5be73ce0cb34
INFO:service_assurance.rca_engine:Starting RCA for trigger: c3b17b6f-1e7a-4905-ba28-5be73ce0cb34
INFO:service_assurance.rca_engine:RCA completed: c8f294c1-6114-4ce6-8df5-a416c8b96a99 - 5 causes identified
WARNING:service_assurance.sla_manager:SLA Violation: eMBB Standard Service SLA - kqi_pdu_session_success_rate (actual: 93.28358208955224, threshold: >= 99.0)
INFO:__main__:Auto-triggering RCA for violation: 039d533a-12c2-40d9-9d70-3151680fb660
INFO:service_assurance.rca_engine:Starting RCA for trigger: 039d533a-12c2-40d9-9d70-3151680fb660
INFO:service_assurance.rca_engine:RCA completed: 1ec02371-e5dc-4814-981a-d0213c1c1994 - 5 causes identified
WARNING:service_assurance.sla_manager:SLA Violation: URLLC Standard Service SLA - kqi_pdu_session_success_rate (actual: 93.28358208955224, threshold: >= 99.99)
WARNING:service_assurance.sla_manager:SLA Violation: mMTC Standard Service SLA - kqi_pdu_session_success_rate (actual: 93.28358208955224, threshold: >= 98.0)
WARNING:service_assurance.anomaly_detector:Anomaly detected: Moving average deviation: kqi_handover_success_rate value 35.90 deviates 52.6% from MA 75.76
INFO:service_assurance.sla_manager:Violation resolved: eMBB Standard Service SLA - kqi_throughput_achievement (duration: 904s)
INFO:service_assurance.sla_manager:Violation resolved: eMBB Standard Service SLA - kqi_registration_success_rate (duration: 2110s)
INFO:service_assurance.sla_manager:Violation resolved: eMBB Standard Service SLA - kqi_pdu_session_success_rate (duration: 1873s)
INFO:service_assurance.sla_manager:Violation resolved: URLLC Standard Service SLA - kqi_registration_success_rate (duration: 2110s)
INFO:service_assurance.sla_manager:Violation resolved: URLLC Standard Service SLA - kqi_pdu_session_success_rate (duration: 1873s)
INFO:service_assurance.sla_manager:Violation resolved: mMTC Standard Service SLA - kqi_registration_success_rate (duration: 2110s)
INFO:service_assurance.sla_manager:Violation resolved: mMTC Standard Service SLA - kqi_pdu_session_success_rate (duration: 1873s)
WARNING:service_assurance.anomaly_detector:Anomaly detected: Moving average deviation: kqi_handover_success_rate value 115.25 deviates 52.1% from MA 75.80
INFO:__main__:Auto-triggering RCA for violation: 4a706a26-44e1-4a23-9e6e-dbfed65ace92
INFO:service_assurance.rca_engine:Starting RCA for trigger: 4a706a26-44e1-4a23-9e6e-dbfed65ace92
INFO:service_assurance.rca_engine:RCA completed: dfeb3010-8c20-4152-9e79-cd323c984a19 - 5 causes identified
WARNING:service_assurance.sla_manager:SLA Violation: eMBB Standard Service SLA - kqi_throughput_achievement (actual: 89.56769626630047, threshold: >= 90.0)
INFO:service_assurance.sla_manager:Violation resolved: eMBB Standard Service SLA - kqi_throughput_achievement (duration: 30s)
INFO:__main__:Auto-triggering RCA for violation: f944705e-ccfb-4b0c-bcea-3ddc16064e7b
INFO:service_assurance.rca_engine:Starting RCA for trigger: f944705e-ccfb-4b0c-bcea-3ddc16064e7b
INFO:service_assurance.rca_engine:RCA completed: 406266ad-ed82-4af9-8a9c-09926973d2d2 - 5 causes identified
WARNING:service_assurance.sla_manager:SLA Violation: eMBB Standard Service SLA - kqi_throughput_achievement (actual: 89.72439377709017, threshold: >= 90.0)
INFO:__main__:Auto-triggering RCA for violation: 7a6266eb-30d9-4785-9562-689b52a921b3
INFO:service_assurance.rca_engine:Starting RCA for trigger: 7a6266eb-30d9-4785-9562-689b52a921b3
INFO:service_assurance.rca_engine:RCA completed: 35440f79-9c25-43c8-875d-b355bc7a57a6 - 5 causes identified
WARNING:service_assurance.sla_manager:SLA Violation: URLLC Standard Service SLA - kqi_pdu_session_success_rate (actual: 99.16782246879335, threshold: >= 99.99)
INFO:__main__:Auto-triggering RCA for violation: 9934761d-8369-4e56-8743-f3ecbf19282a
INFO:service_assurance.rca_engine:Starting RCA for trigger: 9934761d-8369-4e56-8743-f3ecbf19282a
INFO:service_assurance.rca_engine:RCA completed: 8f00e221-e7e9-48dc-9d52-401410ce5373 - 5 causes identified
WARNING:service_assurance.sla_manager:SLA Violation: eMBB Standard Service SLA - kqi_pdu_session_success_rate (actual: 70.65217391304348, threshold: >= 99.0)
INFO:service_assurance.sla_manager:Violation resolved: eMBB Standard Service SLA - kqi_throughput_achievement (duration: 53s)
WARNING:service_assurance.sla_manager:SLA Violation: mMTC Standard Service SLA - kqi_pdu_session_success_rate (actual: 70.65217391304348, threshold: >= 98.0)
INFO:__main__:Auto-triggering RCA for violation: 4925e2bd-9484-4dfb-ae9c-52702f8dfe7b
INFO:service_assurance.rca_engine:Starting RCA for trigger: 4925e2bd-9484-4dfb-ae9c-52702f8dfe7b
INFO:service_assurance.rca_engine:RCA completed: 4eb0b83c-6bca-489a-b475-2df6d07ce9aa - 5 causes identified
WARNING:service_assurance.sla_manager:SLA Violation: eMBB Standard Service SLA - kqi_throughput_achievement (actual: 86.91635165190768, threshold: >= 90.0)
INFO:__main__:Auto-triggering RCA for violation: 9762856b-a8b4-4d3d-81a3-dee9110a4729
INFO:service_assurance.rca_engine:Starting RCA for trigger: 9762856b-a8b4-4d3d-81a3-dee9110a4729
INFO:service_assurance.rca_engine:RCA completed: 76ef5e40-b9ac-4e3e-b16f-eb8afc3492ad - 5 causes identified
WARNING:service_assurance.sla_manager:SLA Violation: eMBB Standard Service SLA - kqi_registration_success_rate (actual: 93.56223175965665, threshold: >= 99.9)
INFO:service_assurance.sla_manager:Violation resolved: eMBB Standard Service SLA - kqi_throughput_achievement (duration: 30s)
INFO:__main__:Auto-triggering RCA for violation: 7802ce75-7fab-4ebf-b509-d6405d26456d
INFO:service_assurance.rca_engine:Starting RCA for trigger: 7802ce75-7fab-4ebf-b509-d6405d26456d
INFO:service_assurance.rca_engine:RCA completed: f99952e0-5dfb-4782-8601-9c44c28db874 - 5 causes identified
WARNING:service_assurance.sla_manager:SLA Violation: URLLC Standard Service SLA - kqi_registration_success_rate (actual: 93.56223175965665, threshold: >= 99.999)
WARNING:service_assurance.sla_manager:SLA Violation: mMTC Standard Service SLA - kqi_registration_success_rate (actual: 93.56223175965665, threshold: >= 99.0)
INFO:service_assurance.sla_manager:Violation resolved: eMBB Standard Service SLA - kqi_registration_success_rate (duration: 30s)
INFO:__main__:Auto-triggering RCA for violation: c551459f-88fa-4b9e-b5cf-154f657381fe
INFO:service_assurance.rca_engine:Starting RCA for trigger: c551459f-88fa-4b9e-b5cf-154f657381fe
INFO:service_assurance.rca_engine:RCA completed: 6d3dd397-ddd0-450c-a570-8ae069e6d86e - 5 causes identified
WARNING:service_assurance.sla_manager:SLA Violation: eMBB Standard Service SLA - kqi_throughput_achievement (actual: 88.55408912741639, threshold: >= 90.0)
INFO:service_assurance.sla_manager:Violation resolved: URLLC Standard Service SLA - kqi_registration_success_rate (duration: 30s)
INFO:service_assurance.sla_manager:Violation resolved: mMTC Standard Service SLA - kqi_registration_success_rate (duration: 30s)
