
--- lab up 2026-06-05T15:48:15.833142+00:00 service=du port=9007 ---
$ <SOURCE_5G_LAB_SIMULATOR_ROOT>/BF3-5G-Demo/open-digital-platform-2_0/5G_Emulator_API/venv/bin/python <SOURCE_5G_LAB_SIMULATOR_ROOT>/BF3-5G-Demo/open-digital-platform-2_0/5G_Emulator_API/ran/du/du.py
INFO:     Started server process [7370]
INFO:     Waiting for application startup.
Failed to register DU with NRF: 500 Server Error: Internal Server Error for url: http://127.0.0.1:8000/register
INFO:     Application startup complete.
INFO:     Uvicorn running on http://127.0.0.1:9007 (Press CTRL+C to quit)
INFO:     Shutting down
INFO:     Waiting for application shutdown.
INFO:     Application shutdown complete.
INFO:     Finished server process [7370]

--- lab up 2026-06-05T15:50:36.280283+00:00 service=du port=9007 ---
$ <SOURCE_5G_LAB_SIMULATOR_ROOT>/BF3-5G-Demo/open-digital-platform-2_0/5G_Emulator_API/venv/bin/python <SOURCE_5G_LAB_SIMULATOR_ROOT>/BF3-5G-Demo/open-digital-platform-2_0/5G_Emulator_API/ran/du/du.py
INFO:     Started server process [19706]
INFO:     Waiting for application startup.
Failed to register DU with NRF: 500 Server Error: Internal Server Error for url: http://127.0.0.1:8000/register
INFO:     Application startup complete.
INFO:     Uvicorn running on http://127.0.0.1:9007 (Press CTRL+C to quit)
INFO:     Shutting down
INFO:     Waiting for application shutdown.
INFO:     Application shutdown complete.
INFO:     Finished server process [19706]

--- lab up 2026-06-05T15:54:35.709903+00:00 service=du port=9007 ---
$ <SOURCE_5G_LAB_SIMULATOR_ROOT>/BF3-5G-Demo/open-digital-platform-2_0/5G_Emulator_API/venv/bin/python <SOURCE_5G_LAB_SIMULATOR_ROOT>/BF3-5G-Demo/open-digital-platform-2_0/5G_Emulator_API/ran/du/du.py
INFO:     Started server process [48287]
INFO:     Waiting for application startup.
Failed to register DU with NRF: 500 Server Error: Internal Server Error for url: http://127.0.0.1:8000/register
INFO:     Application startup complete.
INFO:     Uvicorn running on http://127.0.0.1:9007 (Press CTRL+C to quit)
INFO:     Shutting down
INFO:     Waiting for application shutdown.
INFO:     Application shutdown complete.
INFO:     Finished server process [48287]

--- lab up 2026-06-05T15:55:44.824544+00:00 service=du port=9007 ---
$ <SOURCE_5G_LAB_SIMULATOR_ROOT>/BF3-5G-Demo/open-digital-platform-2_0/5G_Emulator_API/venv/bin/python <SOURCE_5G_LAB_SIMULATOR_ROOT>/BF3-5G-Demo/open-digital-platform-2_0/5G_Emulator_API/ran/du/du.py
INFO:     Started server process [55037]
INFO:     Waiting for application startup.
Failed to register DU with NRF: 500 Server Error: Internal Server Error for url: http://127.0.0.1:8000/register
INFO:     Application startup complete.
INFO:     Uvicorn running on http://127.0.0.1:9007 (Press CTRL+C to quit)
INFO:     Shutting down
INFO:     Waiting for application shutdown.
INFO:     Application shutdown complete.
INFO:     Finished server process [55037]

--- lab up 2026-06-05T16:00:14.468752+00:00 service=du port=9007 ---
$ <SOURCE_5G_LAB_SIMULATOR_ROOT>/BF3-5G-Demo/open-digital-platform-2_0/5G_Emulator_API/venv/bin/python <SOURCE_5G_LAB_SIMULATOR_ROOT>/BF3-5G-Demo/open-digital-platform-2_0/5G_Emulator_API/ran/du/du.py
INFO:     Started server process [83412]
INFO:     Waiting for application startup.
Failed to register DU with NRF: 500 Server Error: Internal Server Error for url: http://127.0.0.1:8000/register
INFO:     Application startup complete.
INFO:     Uvicorn running on http://127.0.0.1:9007 (Press CTRL+C to quit)
INFO:     Shutting down
INFO:     Waiting for application shutdown.
INFO:     Application shutdown complete.
INFO:     Finished server process [83412]

--- lab up 2026-06-05T16:04:41.356220+00:00 service=du port=9007 ---
$ <SOURCE_5G_LAB_SIMULATOR_ROOT>/BF3-5G-Demo/open-digital-platform-2_0/5G_Emulator_API/venv/bin/python <SOURCE_5G_LAB_SIMULATOR_ROOT>/BF3-5G-Demo/open-digital-platform-2_0/5G_Emulator_API/ran/du/du.py
INFO:     Started server process [4054]
INFO:     Waiting for application startup.
Failed to register DU with NRF: 500 Server Error: Internal Server Error for url: http://127.0.0.1:8000/register
INFO:     Application startup complete.
INFO:     Uvicorn running on http://127.0.0.1:9007 (Press CTRL+C to quit)
INFO:     Shutting down
INFO:     Waiting for application shutdown.
INFO:     Application shutdown complete.
INFO:     Finished server process [4054]

--- lab up 2026-06-05T16:29:48.562883+00:00 service=du port=9007 ---
$ <SOURCE_5G_LAB_SIMULATOR_ROOT>/BF3-5G-Demo/open-digital-platform-2_0/5G_Emulator_API/venv/bin/python <SOURCE_5G_LAB_SIMULATOR_ROOT>/BF3-5G-Demo/open-digital-platform-2_0/5G_Emulator_API/ran/du/du.py
INFO:     Started server process [5079]
INFO:     Waiting for application startup.
Failed to register DU with NRF: 500 Server Error: Internal Server Error for url: http://127.0.0.1:8000/register
INFO:     Application startup complete.
INFO:     Uvicorn running on http://127.0.0.1:9007 (Press CTRL+C to quit)
INFO:     Shutting down
INFO:     Waiting for application shutdown.
INFO:     Application shutdown complete.
INFO:     Finished server process [5079]

--- lab up 2026-06-05T17:25:21.707336+00:00 service=du port=9007 ---
$ <SOURCE_5G_LAB_SIMULATOR_ROOT>/BF3-5G-Demo/open-digital-platform-2_0/5G_Emulator_API/venv/bin/python <SOURCE_5G_LAB_SIMULATOR_ROOT>/BF3-5G-Demo/open-digital-platform-2_0/5G_Emulator_API/ran/du/du.py
INFO:     Started server process [29177]
INFO:     Waiting for application startup.
Failed to register DU with NRF: 500 Server Error: Internal Server Error for url: http://127.0.0.1:8000/register
INFO:     Application startup complete.
INFO:     Uvicorn running on http://127.0.0.1:9007 (Press CTRL+C to quit)
Received data at DU: {'ue_id': 'ue-demo-001', 'procedure': 'cu-to-du-demo', 'message': 'lab scenario CU->DU test traffic'}
INFO:     127.0.0.1:57160 - "POST /du_service HTTP/1.1" 200 OK
Received data at DU: {'ue_id': 'ue-demo-001', 'procedure': 'cu-to-du-demo', 'message': 'lab scenario CU->DU test traffic'}
INFO:     127.0.0.1:57383 - "POST /du_service HTTP/1.1" 200 OK
